{"C:\\Users\\dim-d\\Documents\\Workspace\\final-project-1\\pet-sitter-app-server\\middlewares\\validateUsers.mjs": {"path":"C:\\Users\\dim-d\\Documents\\Workspace\\final-project-1\\pet-sitter-app-server\\middlewares\\validateUsers.mjs","statementMap":{"0":{"start":{"line":1,"column":22},"end":{"line":1,"column":24}},"1":{"start":{"line":4,"column":2},"end":{"line":4,"column":24}},"2":{"start":{"line":4,"column":14},"end":{"line":4,"column":24}},"3":{"start":{"line":5,"column":2},"end":{"line":7,"column":3}},"4":{"start":{"line":6,"column":4},"end":{"line":6,"column":44}},"5":{"start":{"line":8,"column":15},"end":{"line":8,"column":28}},"6":{"start":{"line":9,"column":2},"end":{"line":9,"column":64}},"7":{"start":{"line":9,"column":39},"end":{"line":9,"column":64}},"8":{"start":{"line":10,"column":2},"end":{"line":10,"column":12}},"9":{"start":{"line":14,"column":15},"end":{"line":14,"column":47}},"10":{"start":{"line":15,"column":16},"end":{"line":15,"column":49}},"11":{"start":{"line":16,"column":16},"end":{"line":16,"column":61}},"12":{"start":{"line":17,"column":19},"end":{"line":17,"column":68}},"13":{"start":{"line":18,"column":22},"end":{"line":18,"column":53}},"14":{"start":{"line":20,"column":2},"end":{"line":20,"column":65}},"15":{"start":{"line":20,"column":52},"end":{"line":20,"column":65}},"16":{"start":{"line":21,"column":2},"end":{"line":21,"column":59}},"17":{"start":{"line":21,"column":46},"end":{"line":21,"column":59}},"18":{"start":{"line":22,"column":2},"end":{"line":22,"column":44}},"19":{"start":{"line":22,"column":31},"end":{"line":22,"column":44}},"20":{"start":{"line":23,"column":2},"end":{"line":23,"column":47}},"21":{"start":{"line":23,"column":34},"end":{"line":23,"column":47}},"22":{"start":{"line":24,"column":2},"end":{"line":24,"column":61}},"23":{"start":{"line":24,"column":48},"end":{"line":24,"column":61}},"24":{"start":{"line":25,"column":2},"end":{"line":25,"column":56}},"25":{"start":{"line":25,"column":43},"end":{"line":25,"column":56}},"26":{"start":{"line":26,"column":2},"end":{"line":26,"column":14}},"27":{"start":{"line":30,"column":16},"end":{"line":30,"column":51}},"28":{"start":{"line":31,"column":16},"end":{"line":31,"column":26}},"29":{"start":{"line":32,"column":12},"end":{"line":32,"column":53}},"30":{"start":{"line":33,"column":20},"end":{"line":33,"column":55}},"31":{"start":{"line":34,"column":2},"end":{"line":36,"column":3}},"32":{"start":{"line":35,"column":4},"end":{"line":35,"column":13}},"33":{"start":{"line":37,"column":2},"end":{"line":37,"column":13}},"34":{"start":{"line":40,"column":36},"end":{"line":74,"column":3}},"35":{"start":{"line":41,"column":61},"end":{"line":41,"column":75}},"36":{"start":{"line":43,"column":4},"end":{"line":45,"column":5}},"37":{"start":{"line":44,"column":8},"end":{"line":44,"column":69}},"38":{"start":{"line":47,"column":4},"end":{"line":51,"column":5}},"39":{"start":{"line":48,"column":6},"end":{"line":48,"column":68}},"40":{"start":{"line":49,"column":11},"end":{"line":51,"column":5}},"41":{"start":{"line":50,"column":8},"end":{"line":50,"column":74}},"42":{"start":{"line":53,"column":4},"end":{"line":57,"column":5}},"43":{"start":{"line":54,"column":6},"end":{"line":54,"column":68}},"44":{"start":{"line":55,"column":11},"end":{"line":57,"column":5}},"45":{"start":{"line":56,"column":8},"end":{"line":56,"column":73}},"46":{"start":{"line":59,"column":4},"end":{"line":63,"column":5}},"47":{"start":{"line":60,"column":6},"end":{"line":60,"column":72}},"48":{"start":{"line":61,"column":11},"end":{"line":63,"column":5}},"49":{"start":{"line":62,"column":8},"end":{"line":62,"column":80}},"50":{"start":{"line":65,"column":4},"end":{"line":71,"column":5}},"51":{"start":{"line":66,"column":8},"end":{"line":66,"column":78}},"52":{"start":{"line":67,"column":11},"end":{"line":71,"column":5}},"53":{"start":{"line":68,"column":8},"end":{"line":68,"column":95}},"54":{"start":{"line":69,"column":11},"end":{"line":71,"column":5}},"55":{"start":{"line":70,"column":8},"end":{"line":70,"column":100}},"56":{"start":{"line":73,"column":4},"end":{"line":73,"column":11}}},"fnMap":{"0":{"name":"toIsoDate","decl":{"start":{"line":3,"column":9},"end":{"line":3,"column":18}},"loc":{"start":{"line":3,"column":26},"end":{"line":11,"column":1}},"line":3},"1":{"name":"isOwnerProfileComplete","decl":{"start":{"line":13,"column":16},"end":{"line":13,"column":38}},"loc":{"start":{"line":13,"column":46},"end":{"line":27,"column":1}},"line":13},"2":{"name":"getAge","decl":{"start":{"line":29,"column":16},"end":{"line":29,"column":22}},"loc":{"start":{"line":29,"column":36},"end":{"line":38,"column":1}},"line":29},"3":{"name":"(anonymous_3)","decl":{"start":{"line":40,"column":36},"end":{"line":40,"column":37}},"loc":{"start":{"line":40,"column":56},"end":{"line":74,"column":3}},"line":40}},"branchMap":{"0":{"loc":{"start":{"line":4,"column":2},"end":{"line":4,"column":24}},"type":"if","locations":[{"start":{"line":4,"column":2},"end":{"line":4,"column":24}},{"start":{},"end":{}}],"line":4},"1":{"loc":{"start":{"line":5,"column":2},"end":{"line":7,"column":3}},"type":"if","locations":[{"start":{"line":5,"column":2},"end":{"line":7,"column":3}},{"start":{},"end":{}}],"line":5},"2":{"loc":{"start":{"line":5,"column":6},"end":{"line":5,"column":61}},"type":"binary-expr","locations":[{"start":{"line":5,"column":6},"end":{"line":5,"column":27}},{"start":{"line":5,"column":31},"end":{"line":5,"column":61}}],"line":5},"3":{"loc":{"start":{"line":9,"column":2},"end":{"line":9,"column":64}},"type":"if","locations":[{"start":{"line":9,"column":2},"end":{"line":9,"column":64}},{"start":{},"end":{}}],"line":9},"4":{"loc":{"start":{"line":14,"column":22},"end":{"line":14,"column":39}},"type":"binary-expr","locations":[{"start":{"line":14,"column":22},"end":{"line":14,"column":33}},{"start":{"line":14,"column":37},"end":{"line":14,"column":39}}],"line":14},"5":{"loc":{"start":{"line":15,"column":23},"end":{"line":15,"column":41}},"type":"binary-expr","locations":[{"start":{"line":15,"column":23},"end":{"line":15,"column":35}},{"start":{"line":15,"column":39},"end":{"line":15,"column":41}}],"line":15},"6":{"loc":{"start":{"line":16,"column":23},"end":{"line":16,"column":41}},"type":"binary-expr","locations":[{"start":{"line":16,"column":23},"end":{"line":16,"column":35}},{"start":{"line":16,"column":39},"end":{"line":16,"column":41}}],"line":16},"7":{"loc":{"start":{"line":17,"column":26},"end":{"line":17,"column":48}},"type":"binary-expr","locations":[{"start":{"line":17,"column":26},"end":{"line":17,"column":42}},{"start":{"line":17,"column":46},"end":{"line":17,"column":48}}],"line":17},"8":{"loc":{"start":{"line":20,"column":2},"end":{"line":20,"column":65}},"type":"if","locations":[{"start":{"line":20,"column":2},"end":{"line":20,"column":65}},{"start":{},"end":{}}],"line":20},"9":{"loc":{"start":{"line":20,"column":6},"end":{"line":20,"column":50}},"type":"binary-expr","locations":[{"start":{"line":20,"column":6},"end":{"line":20,"column":11}},{"start":{"line":20,"column":15},"end":{"line":20,"column":30}},{"start":{"line":20,"column":34},"end":{"line":20,"column":50}}],"line":20},"10":{"loc":{"start":{"line":21,"column":2},"end":{"line":21,"column":59}},"type":"if","locations":[{"start":{"line":21,"column":2},"end":{"line":21,"column":59}},{"start":{},"end":{}}],"line":21},"11":{"loc":{"start":{"line":22,"column":2},"end":{"line":22,"column":44}},"type":"if","locations":[{"start":{"line":22,"column":2},"end":{"line":22,"column":44}},{"start":{},"end":{}}],"line":22},"12":{"loc":{"start":{"line":23,"column":2},"end":{"line":23,"column":47}},"type":"if","locations":[{"start":{"line":23,"column":2},"end":{"line":23,"column":47}},{"start":{},"end":{}}],"line":23},"13":{"loc":{"start":{"line":24,"column":2},"end":{"line":24,"column":61}},"type":"if","locations":[{"start":{"line":24,"column":2},"end":{"line":24,"column":61}},{"start":{},"end":{}}],"line":24},"14":{"loc":{"start":{"line":25,"column":2},"end":{"line":25,"column":56}},"type":"if","locations":[{"start":{"line":25,"column":2},"end":{"line":25,"column":56}},{"start":{},"end":{}}],"line":25},"15":{"loc":{"start":{"line":34,"column":2},"end":{"line":36,"column":3}},"type":"if","locations":[{"start":{"line":34,"column":2},"end":{"line":36,"column":3}},{"start":{},"end":{}}],"line":34},"16":{"loc":{"start":{"line":34,"column":6},"end":{"line":34,"column":77}},"type":"binary-expr","locations":[{"start":{"line":34,"column":6},"end":{"line":34,"column":19}},{"start":{"line":34,"column":24},"end":{"line":34,"column":39}},{"start":{"line":34,"column":43},"end":{"line":34,"column":76}}],"line":34},"17":{"loc":{"start":{"line":41,"column":61},"end":{"line":41,"column":75}},"type":"binary-expr","locations":[{"start":{"line":41,"column":61},"end":{"line":41,"column":69}},{"start":{"line":41,"column":73},"end":{"line":41,"column":75}}],"line":41},"18":{"loc":{"start":{"line":43,"column":4},"end":{"line":45,"column":5}},"type":"if","locations":[{"start":{"line":43,"column":4},"end":{"line":45,"column":5}},{"start":{},"end":{}}],"line":43},"19":{"loc":{"start":{"line":47,"column":4},"end":{"line":51,"column":5}},"type":"if","locations":[{"start":{"line":47,"column":4},"end":{"line":51,"column":5}},{"start":{"line":49,"column":11},"end":{"line":51,"column":5}}],"line":47},"20":{"loc":{"start":{"line":49,"column":11},"end":{"line":51,"column":5}},"type":"if","locations":[{"start":{"line":49,"column":11},"end":{"line":51,"column":5}},{"start":{},"end":{}}],"line":49},"21":{"loc":{"start":{"line":53,"column":4},"end":{"line":57,"column":5}},"type":"if","locations":[{"start":{"line":53,"column":4},"end":{"line":57,"column":5}},{"start":{"line":55,"column":11},"end":{"line":57,"column":5}}],"line":53},"22":{"loc":{"start":{"line":55,"column":11},"end":{"line":57,"column":5}},"type":"if","locations":[{"start":{"line":55,"column":11},"end":{"line":57,"column":5}},{"start":{},"end":{}}],"line":55},"23":{"loc":{"start":{"line":59,"column":4},"end":{"line":63,"column":5}},"type":"if","locations":[{"start":{"line":59,"column":4},"end":{"line":63,"column":5}},{"start":{"line":61,"column":11},"end":{"line":63,"column":5}}],"line":59},"24":{"loc":{"start":{"line":61,"column":11},"end":{"line":63,"column":5}},"type":"if","locations":[{"start":{"line":61,"column":11},"end":{"line":63,"column":5}},{"start":{},"end":{}}],"line":61},"25":{"loc":{"start":{"line":65,"column":4},"end":{"line":71,"column":5}},"type":"if","locations":[{"start":{"line":65,"column":4},"end":{"line":71,"column":5}},{"start":{"line":67,"column":11},"end":{"line":71,"column":5}}],"line":65},"26":{"loc":{"start":{"line":65,"column":8},"end":{"line":65,"column":55}},"type":"binary-expr","locations":[{"start":{"line":65,"column":8},"end":{"line":65,"column":22}},{"start":{"line":65,"column":26},"end":{"line":65,"column":55}}],"line":65},"27":{"loc":{"start":{"line":67,"column":11},"end":{"line":71,"column":5}},"type":"if","locations":[{"start":{"line":67,"column":11},"end":{"line":71,"column":5}},{"start":{"line":69,"column":11},"end":{"line":71,"column":5}}],"line":67},"28":{"loc":{"start":{"line":69,"column":11},"end":{"line":71,"column":5}},"type":"if","locations":[{"start":{"line":69,"column":11},"end":{"line":71,"column":5}},{"start":{},"end":{}}],"line":69}},"s":{"0":1,"1":5,"2":0,"3":5,"4":0,"5":5,"6":5,"7":5,"8":0,"9":5,"10":5,"11":5,"12":5,"13":5,"14":5,"15":1,"16":4,"17":0,"18":4,"19":0,"20":4,"21":0,"22":4,"23":0,"24":4,"25":0,"26":4,"27":4,"28":4,"29":4,"30":4,"31":4,"32":0,"33":4,"34":1,"35":0,"36":0,"37":0,"38":0,"39":0,"40":0,"41":0,"42":0,"43":0,"44":0,"45":0,"46":0,"47":0,"48":0,"49":0,"50":0,"51":0,"52":0,"53":0,"54":0,"55":0,"56":0},"f":{"0":5,"1":5,"2":4,"3":0},"b":{"0":[0,5],"1":[0,5],"2":[5,0],"3":[5,0],"4":[5,0],"5":[5,0],"6":[5,0],"7":[5,0],"8":[1,4],"9":[5,5,4],"10":[0,4],"11":[0,4],"12":[0,4],"13":[0,4],"14":[0,4],"15":[0,4],"16":[4,4,0],"17":[0,0],"18":[0,0],"19":[0,0],"20":[0,0],"21":[0,0],"22":[0,0],"23":[0,0],"24":[0,0],"25":[0,0],"26":[0,0],"27":[0,0],"28":[0,0]},"meta":{"lastBranch":29,"lastFunction":4,"lastStatement":57,"seen":{"s:1:22:1:24":0,"f:3:9:3:18":0,"b:4:2:4:24:undefined:undefined:undefined:undefined":0,"s:4:2:4:24":1,"s:4:14:4:24":2,"b:5:2:7:3:undefined:undefined:undefined:undefined":1,"s:5:2:7:3":3,"b:5:6:5:27:5:31:5:61":2,"s:6:4:6:44":4,"s:8:15:8:28":5,"b:9:2:9:64:undefined:undefined:undefined:undefined":3,"s:9:2:9:64":6,"s:9:39:9:64":7,"s:10:2:10:12":8,"f:13:16:13:38":1,"s:14:15:14:47":9,"b:14:22:14:33:14:37:14:39":4,"s:15:16:15:49":10,"b:15:23:15:35:15:39:15:41":5,"s:16:16:16:61":11,"b:16:23:16:35:16:39:16:41":6,"s:17:19:17:68":12,"b:17:26:17:42:17:46:17:48":7,"s:18:22:18:53":13,"b:20:2:20:65:undefined:undefined:undefined:undefined":8,"s:20:2:20:65":14,"b:20:6:20:11:20:15:20:30:20:34:20:50":9,"s:20:52:20:65":15,"b:21:2:21:59:undefined:undefined:undefined:undefined":10,"s:21:2:21:59":16,"s:21:46:21:59":17,"b:22:2:22:44:undefined:undefined:undefined:undefined":11,"s:22:2:22:44":18,"s:22:31:22:44":19,"b:23:2:23:47:undefined:undefined:undefined:undefined":12,"s:23:2:23:47":20,"s:23:34:23:47":21,"b:24:2:24:61:undefined:undefined:undefined:undefined":13,"s:24:2:24:61":22,"s:24:48:24:61":23,"b:25:2:25:56:undefined:undefined:undefined:undefined":14,"s:25:2:25:56":24,"s:25:43:25:56":25,"s:26:2:26:14":26,"f:29:16:29:22":2,"s:30:16:30:51":27,"s:31:16:31:26":28,"s:32:12:32:53":29,"s:33:20:33:55":30,"b:34:2:36:3:undefined:undefined:undefined:undefined":15,"s:34:2:36:3":31,"b:34:6:34:19:34:24:34:39:34:43:34:76":16,"s:35:4:35:13":32,"s:37:2:37:13":33,"s:40:36:74:3":34,"f:40:36:40:37":3,"s:41:61:41:75":35,"b:41:61:41:69:41:73:41:75":17,"b:43:4:45:5:undefined:undefined:undefined:undefined":18,"s:43:4:45:5":36,"s:44:8:44:69":37,"b:47:4:51:5:49:11:51:5":19,"s:47:4:51:5":38,"s:48:6:48:68":39,"b:49:11:51:5:undefined:undefined:undefined:undefined":20,"s:49:11:51:5":40,"s:50:8:50:74":41,"b:53:4:57:5:55:11:57:5":21,"s:53:4:57:5":42,"s:54:6:54:68":43,"b:55:11:57:5:undefined:undefined:undefined:undefined":22,"s:55:11:57:5":44,"s:56:8:56:73":45,"b:59:4:63:5:61:11:63:5":23,"s:59:4:63:5":46,"s:60:6:60:72":47,"b:61:11:63:5:undefined:undefined:undefined:undefined":24,"s:61:11:63:5":48,"s:62:8:62:80":49,"b:65:4:71:5:67:11:71:5":25,"s:65:4:71:5":50,"b:65:8:65:22:65:26:65:55":26,"s:66:8:66:78":51,"b:67:11:71:5:69:11:71:5":27,"s:67:11:71:5":52,"s:68:8:68:95":53,"b:69:11:71:5:undefined:undefined:undefined:undefined":28,"s:69:11:71:5":54,"s:70:8:70:100":55,"s:73:4:73:11":56},"fnNames":{}}}
,"C:\\Users\\dim-d\\Documents\\Workspace\\final-project-1\\pet-sitter-app-server\\repositories\\bookings.repository.mjs": {"path":"C:\\Users\\dim-d\\Documents\\Workspace\\final-project-1\\pet-sitter-app-server\\repositories\\bookings.repository.mjs","statementMap":{"0":{"start":{"line":3,"column":34},"end":{"line":624,"column":1}},"1":{"start":{"line":5,"column":27},"end":{"line":20,"column":5}},"2":{"start":{"line":22,"column":26},"end":{"line":25,"column":5}},"3":{"start":{"line":30,"column":4},"end":{"line":102,"column":5}},"4":{"start":{"line":31,"column":20},"end":{"line":37,"column":7}},"5":{"start":{"line":38,"column":6},"end":{"line":38,"column":50}},"6":{"start":{"line":40,"column":6},"end":{"line":49,"column":8}},"7":{"start":{"line":50,"column":11},"end":{"line":102,"column":5}},"8":{"start":{"line":51,"column":20},"end":{"line":56,"column":7}},"9":{"start":{"line":57,"column":6},"end":{"line":57,"column":50}},"10":{"start":{"line":59,"column":6},"end":{"line":67,"column":8}},"11":{"start":{"line":68,"column":11},"end":{"line":102,"column":5}},"12":{"start":{"line":69,"column":20},"end":{"line":74,"column":7}},"13":{"start":{"line":75,"column":6},"end":{"line":75,"column":50}},"14":{"start":{"line":77,"column":6},"end":{"line":85,"column":8}},"15":{"start":{"line":87,"column":20},"end":{"line":91,"column":7}},"16":{"start":{"line":92,"column":6},"end":{"line":92,"column":50}},"17":{"start":{"line":94,"column":6},"end":{"line":101,"column":8}},"18":{"start":{"line":104,"column":4},"end":{"line":107,"column":6}},"19":{"start":{"line":111,"column":21},"end":{"line":176,"column":5}},"20":{"start":{"line":178,"column":4},"end":{"line":178,"column":27}},"21":{"start":{"line":185,"column":32},"end":{"line":196,"column":5}},"22":{"start":{"line":198,"column":21},"end":{"line":239,"column":5}},"23":{"start":{"line":241,"column":4},"end":{"line":244,"column":6}},"24":{"start":{"line":251,"column":21},"end":{"line":323,"column":5}},"25":{"start":{"line":325,"column":4},"end":{"line":325,"column":27}},"26":{"start":{"line":329,"column":21},"end":{"line":339,"column":5}},"27":{"start":{"line":341,"column":4},"end":{"line":341,"column":27}},"28":{"start":{"line":346,"column":21},"end":{"line":356,"column":5}},"29":{"start":{"line":358,"column":4},"end":{"line":358,"column":27}},"30":{"start":{"line":364,"column":21},"end":{"line":374,"column":5}},"31":{"start":{"line":376,"column":4},"end":{"line":376,"column":27}},"32":{"start":{"line":386,"column":21},"end":{"line":412,"column":5}},"33":{"start":{"line":414,"column":4},"end":{"line":414,"column":27}},"34":{"start":{"line":435,"column":19},"end":{"line":435,"column":49}},"35":{"start":{"line":437,"column":4},"end":{"line":521,"column":5}},"36":{"start":{"line":438,"column":6},"end":{"line":438,"column":34}},"37":{"start":{"line":441,"column":36},"end":{"line":484,"column":7}},"38":{"start":{"line":486,"column":22},"end":{"line":486,"column":36}},"39":{"start":{"line":488,"column":6},"end":{"line":496,"column":7}},"40":{"start":{"line":489,"column":8},"end":{"line":495,"column":10}},"41":{"start":{"line":498,"column":36},"end":{"line":505,"column":7}},"42":{"start":{"line":507,"column":6},"end":{"line":507,"column":35}},"43":{"start":{"line":509,"column":6},"end":{"line":515,"column":8}},"44":{"start":{"line":517,"column":6},"end":{"line":517,"column":37}},"45":{"start":{"line":518,"column":6},"end":{"line":518,"column":18}},"46":{"start":{"line":520,"column":6},"end":{"line":520,"column":23}},"47":{"start":{"line":527,"column":21},"end":{"line":535,"column":5}},"48":{"start":{"line":536,"column":4},"end":{"line":536,"column":27}},"49":{"start":{"line":540,"column":21},"end":{"line":554,"column":5}},"50":{"start":{"line":556,"column":4},"end":{"line":561,"column":8}},"51":{"start":{"line":556,"column":30},"end":{"line":561,"column":5}},"52":{"start":{"line":573,"column":21},"end":{"line":603,"column":5}},"53":{"start":{"line":605,"column":4},"end":{"line":605,"column":28}},"54":{"start":{"line":609,"column":21},"end":{"line":621,"column":5}},"55":{"start":{"line":622,"column":4},"end":{"line":622,"column":27}}},"fnMap":{"0":{"name":"findManyBySitterId","decl":{"start":{"line":4,"column":8},"end":{"line":4,"column":26}},"loc":{"start":{"line":4,"column":68},"end":{"line":108,"column":3}},"line":4},"1":{"name":"findByIdAndSitterId","decl":{"start":{"line":110,"column":8},"end":{"line":110,"column":27}},"loc":{"start":{"line":110,"column":49},"end":{"line":179,"column":3}},"line":110},"2":{"name":"findManyByOwnerId","decl":{"start":{"line":184,"column":8},"end":{"line":184,"column":25}},"loc":{"start":{"line":184,"column":66},"end":{"line":245,"column":3}},"line":184},"3":{"name":"findByIdAndOwnerId","decl":{"start":{"line":250,"column":8},"end":{"line":250,"column":26}},"loc":{"start":{"line":250,"column":47},"end":{"line":326,"column":3}},"line":250},"4":{"name":"updateStatusByIdAndSitterId","decl":{"start":{"line":328,"column":8},"end":{"line":328,"column":35}},"loc":{"start":{"line":328,"column":65},"end":{"line":342,"column":3}},"line":328},"5":{"name":"markPaymentPaidByBookingId","decl":{"start":{"line":345,"column":8},"end":{"line":345,"column":34}},"loc":{"start":{"line":345,"column":46},"end":{"line":359,"column":3}},"line":345},"6":{"name":"updateStatusByIdAndOwnerId","decl":{"start":{"line":363,"column":8},"end":{"line":363,"column":34}},"loc":{"start":{"line":363,"column":63},"end":{"line":377,"column":3}},"line":363},"7":{"name":"updateScheduleByIdAndOwnerId","decl":{"start":{"line":381,"column":8},"end":{"line":381,"column":36}},"loc":{"start":{"line":385,"column":4},"end":{"line":415,"column":3}},"line":385},"8":{"name":"createBookingWithPets","decl":{"start":{"line":418,"column":8},"end":{"line":418,"column":29}},"loc":{"start":{"line":434,"column":5},"end":{"line":522,"column":3}},"line":434},"9":{"name":"updatePaymentTokenByBookingId","decl":{"start":{"line":526,"column":8},"end":{"line":526,"column":37}},"loc":{"start":{"line":526,"column":63},"end":{"line":537,"column":3}},"line":526},"10":{"name":"findBusySlotsBySitterId","decl":{"start":{"line":539,"column":8},"end":{"line":539,"column":31}},"loc":{"start":{"line":539,"column":42},"end":{"line":562,"column":3}},"line":539},"11":{"name":"(anonymous_11)","decl":{"start":{"line":556,"column":20},"end":{"line":556,"column":21}},"loc":{"start":{"line":556,"column":30},"end":{"line":561,"column":5}},"line":556},"12":{"name":"hasOverlappingBooking","decl":{"start":{"line":565,"column":8},"end":{"line":565,"column":29}},"loc":{"start":{"line":572,"column":5},"end":{"line":606,"column":3}},"line":572},"13":{"name":"updatePaymentStatusByToken","decl":{"start":{"line":608,"column":8},"end":{"line":608,"column":34}},"loc":{"start":{"line":608,"column":72},"end":{"line":623,"column":3}},"line":608}},"branchMap":{"0":{"loc":{"start":{"line":30,"column":4},"end":{"line":102,"column":5}},"type":"if","locations":[{"start":{"line":30,"column":4},"end":{"line":102,"column":5}},{"start":{"line":50,"column":11},"end":{"line":102,"column":5}}],"line":30},"1":{"loc":{"start":{"line":30,"column":8},"end":{"line":30,"column":24}},"type":"binary-expr","locations":[{"start":{"line":30,"column":8},"end":{"line":30,"column":14}},{"start":{"line":30,"column":18},"end":{"line":30,"column":24}}],"line":30},"2":{"loc":{"start":{"line":50,"column":11},"end":{"line":102,"column":5}},"type":"if","locations":[{"start":{"line":50,"column":11},"end":{"line":102,"column":5}},{"start":{"line":68,"column":11},"end":{"line":102,"column":5}}],"line":50},"3":{"loc":{"start":{"line":68,"column":11},"end":{"line":102,"column":5}},"type":"if","locations":[{"start":{"line":68,"column":11},"end":{"line":102,"column":5}},{"start":{"line":86,"column":11},"end":{"line":102,"column":5}}],"line":68},"4":{"loc":{"start":{"line":178,"column":11},"end":{"line":178,"column":26}},"type":"binary-expr","locations":[{"start":{"line":178,"column":11},"end":{"line":178,"column":18}},{"start":{"line":178,"column":22},"end":{"line":178,"column":26}}],"line":178},"5":{"loc":{"start":{"line":243,"column":21},"end":{"line":243,"column":45}},"type":"binary-expr","locations":[{"start":{"line":243,"column":21},"end":{"line":243,"column":40}},{"start":{"line":243,"column":44},"end":{"line":243,"column":45}}],"line":243},"6":{"loc":{"start":{"line":325,"column":11},"end":{"line":325,"column":26}},"type":"binary-expr","locations":[{"start":{"line":325,"column":11},"end":{"line":325,"column":18}},{"start":{"line":325,"column":22},"end":{"line":325,"column":26}}],"line":325},"7":{"loc":{"start":{"line":341,"column":11},"end":{"line":341,"column":26}},"type":"binary-expr","locations":[{"start":{"line":341,"column":11},"end":{"line":341,"column":18}},{"start":{"line":341,"column":22},"end":{"line":341,"column":26}}],"line":341},"8":{"loc":{"start":{"line":358,"column":11},"end":{"line":358,"column":26}},"type":"binary-expr","locations":[{"start":{"line":358,"column":11},"end":{"line":358,"column":18}},{"start":{"line":358,"column":22},"end":{"line":358,"column":26}}],"line":358},"9":{"loc":{"start":{"line":376,"column":11},"end":{"line":376,"column":26}},"type":"binary-expr","locations":[{"start":{"line":376,"column":11},"end":{"line":376,"column":18}},{"start":{"line":376,"column":22},"end":{"line":376,"column":26}}],"line":376},"10":{"loc":{"start":{"line":414,"column":11},"end":{"line":414,"column":26}},"type":"binary-expr","locations":[{"start":{"line":414,"column":11},"end":{"line":414,"column":18}},{"start":{"line":414,"column":22},"end":{"line":414,"column":26}}],"line":414},"11":{"loc":{"start":{"line":536,"column":11},"end":{"line":536,"column":26}},"type":"binary-expr","locations":[{"start":{"line":536,"column":11},"end":{"line":536,"column":18}},{"start":{"line":536,"column":22},"end":{"line":536,"column":26}}],"line":536},"12":{"loc":{"start":{"line":571,"column":4},"end":{"line":571,"column":27}},"type":"default-arg","locations":[{"start":{"line":571,"column":23},"end":{"line":571,"column":27}}],"line":571},"13":{"loc":{"start":{"line":608,"column":57},"end":{"line":608,"column":70}},"type":"default-arg","locations":[{"start":{"line":608,"column":66},"end":{"line":608,"column":70}}],"line":608},"14":{"loc":{"start":{"line":622,"column":11},"end":{"line":622,"column":26}},"type":"binary-expr","locations":[{"start":{"line":622,"column":11},"end":{"line":622,"column":18}},{"start":{"line":622,"column":22},"end":{"line":622,"column":26}}],"line":622}},"s":{"0":1,"1":0,"2":0,"3":0,"4":0,"5":0,"6":0,"7":0,"8":0,"9":0,"10":0,"11":0,"12":0,"13":0,"14":0,"15":0,"16":0,"17":0,"18":0,"19":0,"20":0,"21":0,"22":0,"23":0,"24":0,"25":0,"26":0,"27":0,"28":0,"29":0,"30":0,"31":0,"32":0,"33":0,"34":0,"35":0,"36":0,"37":0,"38":0,"39":0,"40":0,"41":0,"42":0,"43":0,"44":0,"45":0,"46":0,"47":0,"48":0,"49":0,"50":0,"51":0,"52":0,"53":0,"54":0,"55":0},"f":{"0":0,"1":0,"2":0,"3":0,"4":0,"5":0,"6":0,"7":0,"8":0,"9":0,"10":0,"11":0,"12":0,"13":0},"b":{"0":[0,0],"1":[0,0],"2":[0,0],"3":[0,0],"4":[0,0],"5":[0,0],"6":[0,0],"7":[0,0],"8":[0,0],"9":[0,0],"10":[0,0],"11":[0,0],"12":[0],"13":[0],"14":[0,0]},"meta":{"lastBranch":15,"lastFunction":14,"lastStatement":56,"seen":{"s:3:34:624:1":0,"f:4:8:4:26":0,"s:5:27:20:5":1,"s:22:26:25:5":2,"b:30:4:102:5:50:11:102:5":0,"s:30:4:102:5":3,"b:30:8:30:14:30:18:30:24":1,"s:31:20:37:7":4,"s:38:6:38:50":5,"s:40:6:49:8":6,"b:50:11:102:5:68:11:102:5":2,"s:50:11:102:5":7,"s:51:20:56:7":8,"s:57:6:57:50":9,"s:59:6:67:8":10,"b:68:11:102:5:86:11:102:5":3,"s:68:11:102:5":11,"s:69:20:74:7":12,"s:75:6:75:50":13,"s:77:6:85:8":14,"s:87:20:91:7":15,"s:92:6:92:50":16,"s:94:6:101:8":17,"s:104:4:107:6":18,"f:110:8:110:27":1,"s:111:21:176:5":19,"s:178:4:178:27":20,"b:178:11:178:18:178:22:178:26":4,"f:184:8:184:25":2,"s:185:32:196:5":21,"s:198:21:239:5":22,"s:241:4:244:6":23,"b:243:21:243:40:243:44:243:45":5,"f:250:8:250:26":3,"s:251:21:323:5":24,"s:325:4:325:27":25,"b:325:11:325:18:325:22:325:26":6,"f:328:8:328:35":4,"s:329:21:339:5":26,"s:341:4:341:27":27,"b:341:11:341:18:341:22:341:26":7,"f:345:8:345:34":5,"s:346:21:356:5":28,"s:358:4:358:27":29,"b:358:11:358:18:358:22:358:26":8,"f:363:8:363:34":6,"s:364:21:374:5":30,"s:376:4:376:27":31,"b:376:11:376:18:376:22:376:26":9,"f:381:8:381:36":7,"s:386:21:412:5":32,"s:414:4:414:27":33,"b:414:11:414:18:414:22:414:26":10,"f:418:8:418:29":8,"s:435:19:435:49":34,"s:437:4:521:5":35,"s:438:6:438:34":36,"s:441:36:484:7":37,"s:486:22:486:36":38,"s:488:6:496:7":39,"s:489:8:495:10":40,"s:498:36:505:7":41,"s:507:6:507:35":42,"s:509:6:515:8":43,"s:517:6:517:37":44,"s:518:6:518:18":45,"s:520:6:520:23":46,"f:526:8:526:37":9,"s:527:21:535:5":47,"s:536:4:536:27":48,"b:536:11:536:18:536:22:536:26":11,"f:539:8:539:31":10,"s:540:21:554:5":49,"s:556:4:561:8":50,"f:556:20:556:21":11,"s:556:30:561:5":51,"f:565:8:565:29":12,"b:571:23:571:27":12,"s:573:21:603:5":52,"s:605:4:605:28":53,"f:608:8:608:34":13,"b:608:66:608:70":13,"s:609:21:621:5":54,"s:622:4:622:27":55,"b:622:11:622:18:622:22:622:26":14},"fnNames":{}}}
,"C:\\Users\\dim-d\\Documents\\Workspace\\final-project-1\\pet-sitter-app-server\\repositories\\db.mjs": {"path":"C:\\Users\\dim-d\\Documents\\Workspace\\final-project-1\\pet-sitter-app-server\\repositories\\db.mjs","statementMap":{"0":{"start":{"line":4,"column":17},"end":{"line":4,"column":19}},"1":{"start":{"line":7,"column":20},"end":{"line":11,"column":2}}},"fnMap":{},"branchMap":{},"s":{"0":1,"1":1},"f":{},"b":{},"meta":{"lastBranch":0,"lastFunction":0,"lastStatement":2,"seen":{"s:4:17:4:19":0,"s:7:20:11:2":1},"fnNames":{}}}
,"C:\\Users\\dim-d\\Documents\\Workspace\\final-project-1\\pet-sitter-app-server\\repositories\\notifications.repository.mjs": {"path":"C:\\Users\\dim-d\\Documents\\Workspace\\final-project-1\\pet-sitter-app-server\\repositories\\notifications.repository.mjs","statementMap":{"0":{"start":{"line":4,"column":2},"end":{"line":9,"column":5}},"1":{"start":{"line":13,"column":19},"end":{"line":18,"column":3}},"2":{"start":{"line":20,"column":2},"end":{"line":20,"column":36}},"3":{"start":{"line":20,"column":20},"end":{"line":20,"column":36}},"4":{"start":{"line":22,"column":2},"end":{"line":34,"column":3}},"5":{"start":{"line":23,"column":19},"end":{"line":23,"column":42}},"6":{"start":{"line":24,"column":4},"end":{"line":31,"column":5}},"7":{"start":{"line":25,"column":6},"end":{"line":30,"column":8}},"8":{"start":{"line":36,"column":2},"end":{"line":36,"column":18}},"9":{"start":{"line":40,"column":18},"end":{"line":40,"column":36}},"10":{"start":{"line":41,"column":2},"end":{"line":50,"column":4}},"11":{"start":{"line":53,"column":39},"end":{"line":106,"column":1}},"12":{"start":{"line":55,"column":21},"end":{"line":60,"column":5}},"13":{"start":{"line":61,"column":4},"end":{"line":61,"column":27}},"14":{"start":{"line":65,"column":21},"end":{"line":72,"column":5}},"15":{"start":{"line":73,"column":4},"end":{"line":73,"column":28}},"16":{"start":{"line":77,"column":21},"end":{"line":82,"column":5}},"17":{"start":{"line":83,"column":4},"end":{"line":83,"column":31}},"18":{"start":{"line":87,"column":21},"end":{"line":93,"column":5}},"19":{"start":{"line":94,"column":4},"end":{"line":94,"column":28}},"20":{"start":{"line":98,"column":25},"end":{"line":103,"column":5}},"21":{"start":{"line":104,"column":4},"end":{"line":104,"column":25}}},"fnMap":{"0":{"name":"encodeContent","decl":{"start":{"line":3,"column":9},"end":{"line":3,"column":22}},"loc":{"start":{"line":3,"column":57},"end":{"line":10,"column":1}},"line":3},"1":{"name":"decodeContent","decl":{"start":{"line":12,"column":9},"end":{"line":12,"column":22}},"loc":{"start":{"line":12,"column":28},"end":{"line":37,"column":1}},"line":12},"2":{"name":"mapRow","decl":{"start":{"line":39,"column":9},"end":{"line":39,"column":15}},"loc":{"start":{"line":39,"column":21},"end":{"line":51,"column":1}},"line":39},"3":{"name":"create","decl":{"start":{"line":54,"column":8},"end":{"line":54,"column":14}},"loc":{"start":{"line":54,"column":63},"end":{"line":62,"column":3}},"line":54},"4":{"name":"listByUserId","decl":{"start":{"line":64,"column":8},"end":{"line":64,"column":20}},"loc":{"start":{"line":64,"column":50},"end":{"line":74,"column":3}},"line":64},"5":{"name":"countUnread","decl":{"start":{"line":76,"column":8},"end":{"line":76,"column":19}},"loc":{"start":{"line":76,"column":28},"end":{"line":84,"column":3}},"line":76},"6":{"name":"markRead","decl":{"start":{"line":86,"column":8},"end":{"line":86,"column":16}},"loc":{"start":{"line":86,"column":41},"end":{"line":95,"column":3}},"line":86},"7":{"name":"markAllRead","decl":{"start":{"line":97,"column":8},"end":{"line":97,"column":19}},"loc":{"start":{"line":97,"column":28},"end":{"line":105,"column":3}},"line":97}},"branchMap":{"0":{"loc":{"start":{"line":6,"column":10},"end":{"line":6,"column":20}},"type":"binary-expr","locations":[{"start":{"line":6,"column":10},"end":{"line":6,"column":14}},{"start":{"line":6,"column":18},"end":{"line":6,"column":20}}],"line":6},"1":{"loc":{"start":{"line":7,"column":10},"end":{"line":7,"column":22}},"type":"binary-expr","locations":[{"start":{"line":7,"column":10},"end":{"line":7,"column":14}},{"start":{"line":7,"column":18},"end":{"line":7,"column":22}}],"line":7},"2":{"loc":{"start":{"line":8,"column":15},"end":{"line":8,"column":59}},"type":"cond-expr","locations":[{"start":{"line":8,"column":35},"end":{"line":8,"column":52}},{"start":{"line":8,"column":55},"end":{"line":8,"column":59}}],"line":8},"3":{"loc":{"start":{"line":15,"column":10},"end":{"line":15,"column":27}},"type":"binary-expr","locations":[{"start":{"line":15,"column":10},"end":{"line":15,"column":21}},{"start":{"line":15,"column":25},"end":{"line":15,"column":27}}],"line":15},"4":{"loc":{"start":{"line":20,"column":2},"end":{"line":20,"column":36}},"type":"if","locations":[{"start":{"line":20,"column":2},"end":{"line":20,"column":36}},{"start":{},"end":{}}],"line":20},"5":{"loc":{"start":{"line":24,"column":4},"end":{"line":31,"column":5}},"type":"if","locations":[{"start":{"line":24,"column":4},"end":{"line":31,"column":5}},{"start":{},"end":{}}],"line":24},"6":{"loc":{"start":{"line":24,"column":8},"end":{"line":24,"column":60}},"type":"binary-expr","locations":[{"start":{"line":24,"column":8},"end":{"line":24,"column":14}},{"start":{"line":24,"column":18},"end":{"line":24,"column":44}},{"start":{"line":24,"column":48},"end":{"line":24,"column":60}}],"line":24},"7":{"loc":{"start":{"line":27,"column":14},"end":{"line":27,"column":31}},"type":"binary-expr","locations":[{"start":{"line":27,"column":14},"end":{"line":27,"column":25}},{"start":{"line":27,"column":29},"end":{"line":27,"column":31}}],"line":27},"8":{"loc":{"start":{"line":28,"column":14},"end":{"line":28,"column":33}},"type":"binary-expr","locations":[{"start":{"line":28,"column":14},"end":{"line":28,"column":25}},{"start":{"line":28,"column":29},"end":{"line":28,"column":33}}],"line":28},"9":{"loc":{"start":{"line":29,"column":19},"end":{"line":29,"column":77}},"type":"cond-expr","locations":[{"start":{"line":29,"column":46},"end":{"line":29,"column":70}},{"start":{"line":29,"column":73},"end":{"line":29,"column":77}}],"line":29},"10":{"loc":{"start":{"line":48,"column":12},"end":{"line":48,"column":47}},"type":"cond-expr","locations":[{"start":{"line":48,"column":26},"end":{"line":48,"column":40}},{"start":{"line":48,"column":43},"end":{"line":48,"column":47}}],"line":48},"11":{"loc":{"start":{"line":64,"column":29},"end":{"line":64,"column":48}},"type":"default-arg","locations":[{"start":{"line":64,"column":46},"end":{"line":64,"column":48}}],"line":64},"12":{"loc":{"start":{"line":64,"column":31},"end":{"line":64,"column":41}},"type":"default-arg","locations":[{"start":{"line":64,"column":39},"end":{"line":64,"column":41}}],"line":64},"13":{"loc":{"start":{"line":83,"column":11},"end":{"line":83,"column":30}},"type":"binary-expr","locations":[{"start":{"line":83,"column":11},"end":{"line":83,"column":25}},{"start":{"line":83,"column":29},"end":{"line":83,"column":30}}],"line":83},"14":{"loc":{"start":{"line":104,"column":11},"end":{"line":104,"column":24}},"type":"binary-expr","locations":[{"start":{"line":104,"column":11},"end":{"line":104,"column":19}},{"start":{"line":104,"column":23},"end":{"line":104,"column":24}}],"line":104}},"s":{"0":0,"1":0,"2":0,"3":0,"4":0,"5":0,"6":0,"7":0,"8":0,"9":0,"10":0,"11":1,"12":0,"13":0,"14":0,"15":0,"16":0,"17":0,"18":0,"19":0,"20":0,"21":0},"f":{"0":0,"1":0,"2":0,"3":0,"4":0,"5":0,"6":0,"7":0},"b":{"0":[0,0],"1":[0,0],"2":[0,0],"3":[0,0],"4":[0,0],"5":[0,0],"6":[0,0,0],"7":[0,0],"8":[0,0],"9":[0,0],"10":[0,0],"11":[0],"12":[0],"13":[0,0],"14":[0,0]},"meta":{"lastBranch":15,"lastFunction":8,"lastStatement":22,"seen":{"f:3:9:3:22":0,"s:4:2:9:5":0,"b:6:10:6:14:6:18:6:20":0,"b:7:10:7:14:7:18:7:22":1,"b:8:35:8:52:8:55:8:59":2,"f:12:9:12:22":1,"s:13:19:18:3":1,"b:15:10:15:21:15:25:15:27":3,"b:20:2:20:36:undefined:undefined:undefined:undefined":4,"s:20:2:20:36":2,"s:20:20:20:36":3,"s:22:2:34:3":4,"s:23:19:23:42":5,"b:24:4:31:5:undefined:undefined:undefined:undefined":5,"s:24:4:31:5":6,"b:24:8:24:14:24:18:24:44:24:48:24:60":6,"s:25:6:30:8":7,"b:27:14:27:25:27:29:27:31":7,"b:28:14:28:25:28:29:28:33":8,"b:29:46:29:70:29:73:29:77":9,"s:36:2:36:18":8,"f:39:9:39:15":2,"s:40:18:40:36":9,"s:41:2:50:4":10,"b:48:26:48:40:48:43:48:47":10,"s:53:39:106:1":11,"f:54:8:54:14":3,"s:55:21:60:5":12,"s:61:4:61:27":13,"f:64:8:64:20":4,"b:64:46:64:48":11,"b:64:39:64:41":12,"s:65:21:72:5":14,"s:73:4:73:28":15,"f:76:8:76:19":5,"s:77:21:82:5":16,"s:83:4:83:31":17,"b:83:11:83:25:83:29:83:30":13,"f:86:8:86:16":6,"s:87:21:93:5":18,"s:94:4:94:28":19,"f:97:8:97:19":7,"s:98:25:103:5":20,"s:104:4:104:25":21,"b:104:11:104:19:104:23:104:24":14},"fnNames":{}}}
,"C:\\Users\\dim-d\\Documents\\Workspace\\final-project-1\\pet-sitter-app-server\\repositories\\pets.repository.mjs": {"path":"C:\\Users\\dim-d\\Documents\\Workspace\\final-project-1\\pet-sitter-app-server\\repositories\\pets.repository.mjs","statementMap":{"0":{"start":{"line":3,"column":20},"end":{"line":18,"column":1}},"1":{"start":{"line":20,"column":17},"end":{"line":23,"column":1}},"2":{"start":{"line":25,"column":30},"end":{"line":172,"column":1}},"3":{"start":{"line":27,"column":21},"end":{"line":33,"column":5}},"4":{"start":{"line":34,"column":4},"end":{"line":34,"column":16}},"5":{"start":{"line":39,"column":21},"end":{"line":50,"column":5}},"6":{"start":{"line":51,"column":4},"end":{"line":51,"column":16}},"7":{"start":{"line":55,"column":21},"end":{"line":61,"column":5}},"8":{"start":{"line":62,"column":4},"end":{"line":62,"column":27}},"9":{"start":{"line":66,"column":21},"end":{"line":72,"column":5}},"10":{"start":{"line":73,"column":4},"end":{"line":73,"column":27}},"11":{"start":{"line":77,"column":21},"end":{"line":83,"column":5}},"12":{"start":{"line":84,"column":4},"end":{"line":84,"column":27}},"13":{"start":{"line":88,"column":21},"end":{"line":106,"column":5}},"14":{"start":{"line":107,"column":4},"end":{"line":107,"column":37}},"15":{"start":{"line":111,"column":21},"end":{"line":138,"column":5}},"16":{"start":{"line":139,"column":4},"end":{"line":139,"column":30}},"17":{"start":{"line":139,"column":18},"end":{"line":139,"column":30}},"18":{"start":{"line":140,"column":4},"end":{"line":140,"column":37}},"19":{"start":{"line":144,"column":21},"end":{"line":149,"column":5}},"20":{"start":{"line":150,"column":4},"end":{"line":150,"column":27}},"21":{"start":{"line":153,"column":21},"end":{"line":159,"column":5}},"22":{"start":{"line":160,"column":4},"end":{"line":160,"column":30}},"23":{"start":{"line":160,"column":18},"end":{"line":160,"column":30}},"24":{"start":{"line":161,"column":4},"end":{"line":161,"column":37}},"25":{"start":{"line":166,"column":25},"end":{"line":169,"column":5}},"26":{"start":{"line":170,"column":4},"end":{"line":170,"column":24}}},"fnMap":{"0":{"name":"findByOwnerId","decl":{"start":{"line":26,"column":8},"end":{"line":26,"column":21}},"loc":{"start":{"line":26,"column":31},"end":{"line":35,"column":3}},"line":26},"1":{"name":"findManyByIds","decl":{"start":{"line":38,"column":8},"end":{"line":38,"column":21}},"loc":{"start":{"line":38,"column":39},"end":{"line":52,"column":3}},"line":38},"2":{"name":"findById","decl":{"start":{"line":54,"column":8},"end":{"line":54,"column":16}},"loc":{"start":{"line":54,"column":21},"end":{"line":63,"column":3}},"line":54},"3":{"name":"findPetTypeById","decl":{"start":{"line":65,"column":8},"end":{"line":65,"column":23}},"loc":{"start":{"line":65,"column":28},"end":{"line":74,"column":3}},"line":65},"4":{"name":"findPetTypeByName","decl":{"start":{"line":76,"column":8},"end":{"line":76,"column":25}},"loc":{"start":{"line":76,"column":32},"end":{"line":85,"column":3}},"line":76},"5":{"name":"create","decl":{"start":{"line":87,"column":8},"end":{"line":87,"column":14}},"loc":{"start":{"line":87,"column":29},"end":{"line":108,"column":3}},"line":87},"6":{"name":"updateById","decl":{"start":{"line":110,"column":8},"end":{"line":110,"column":18}},"loc":{"start":{"line":110,"column":37},"end":{"line":141,"column":3}},"line":110},"7":{"name":"deleteById","decl":{"start":{"line":143,"column":8},"end":{"line":143,"column":18}},"loc":{"start":{"line":143,"column":32},"end":{"line":151,"column":3}},"line":143},"8":{"name":"setSuspended","decl":{"start":{"line":152,"column":8},"end":{"line":152,"column":20}},"loc":{"start":{"line":152,"column":47},"end":{"line":162,"column":3}},"line":152},"9":{"name":"isUsedInBooking","decl":{"start":{"line":165,"column":8},"end":{"line":165,"column":23}},"loc":{"start":{"line":165,"column":31},"end":{"line":171,"column":3}},"line":165}},"branchMap":{"0":{"loc":{"start":{"line":62,"column":11},"end":{"line":62,"column":26}},"type":"binary-expr","locations":[{"start":{"line":62,"column":11},"end":{"line":62,"column":18}},{"start":{"line":62,"column":22},"end":{"line":62,"column":26}}],"line":62},"1":{"loc":{"start":{"line":73,"column":11},"end":{"line":73,"column":26}},"type":"binary-expr","locations":[{"start":{"line":73,"column":11},"end":{"line":73,"column":18}},{"start":{"line":73,"column":22},"end":{"line":73,"column":26}}],"line":73},"2":{"loc":{"start":{"line":84,"column":11},"end":{"line":84,"column":26}},"type":"binary-expr","locations":[{"start":{"line":84,"column":11},"end":{"line":84,"column":18}},{"start":{"line":84,"column":22},"end":{"line":84,"column":26}}],"line":84},"3":{"loc":{"start":{"line":139,"column":4},"end":{"line":139,"column":30}},"type":"if","locations":[{"start":{"line":139,"column":4},"end":{"line":139,"column":30}},{"start":{},"end":{}}],"line":139},"4":{"loc":{"start":{"line":150,"column":11},"end":{"line":150,"column":26}},"type":"binary-expr","locations":[{"start":{"line":150,"column":11},"end":{"line":150,"column":18}},{"start":{"line":150,"column":22},"end":{"line":150,"column":26}}],"line":150},"5":{"loc":{"start":{"line":160,"column":4},"end":{"line":160,"column":30}},"type":"if","locations":[{"start":{"line":160,"column":4},"end":{"line":160,"column":30}},{"start":{},"end":{}}],"line":160}},"s":{"0":1,"1":1,"2":1,"3":0,"4":0,"5":0,"6":0,"7":0,"8":0,"9":0,"10":0,"11":0,"12":0,"13":0,"14":0,"15":0,"16":0,"17":0,"18":0,"19":0,"20":0,"21":0,"22":0,"23":0,"24":0,"25":0,"26":0},"f":{"0":0,"1":0,"2":0,"3":0,"4":0,"5":0,"6":0,"7":0,"8":0,"9":0},"b":{"0":[0,0],"1":[0,0],"2":[0,0],"3":[0,0],"4":[0,0],"5":[0,0]},"meta":{"lastBranch":6,"lastFunction":10,"lastStatement":27,"seen":{"s:3:20:18:1":0,"s:20:17:23:1":1,"s:25:30:172:1":2,"f:26:8:26:21":0,"s:27:21:33:5":3,"s:34:4:34:16":4,"f:38:8:38:21":1,"s:39:21:50:5":5,"s:51:4:51:16":6,"f:54:8:54:16":2,"s:55:21:61:5":7,"s:62:4:62:27":8,"b:62:11:62:18:62:22:62:26":0,"f:65:8:65:23":3,"s:66:21:72:5":9,"s:73:4:73:27":10,"b:73:11:73:18:73:22:73:26":1,"f:76:8:76:25":4,"s:77:21:83:5":11,"s:84:4:84:27":12,"b:84:11:84:18:84:22:84:26":2,"f:87:8:87:14":5,"s:88:21:106:5":13,"s:107:4:107:37":14,"f:110:8:110:18":6,"s:111:21:138:5":15,"b:139:4:139:30:undefined:undefined:undefined:undefined":3,"s:139:4:139:30":16,"s:139:18:139:30":17,"s:140:4:140:37":18,"f:143:8:143:18":7,"s:144:21:149:5":19,"s:150:4:150:27":20,"b:150:11:150:18:150:22:150:26":4,"f:152:8:152:20":8,"s:153:21:159:5":21,"b:160:4:160:30:undefined:undefined:undefined:undefined":5,"s:160:4:160:30":22,"s:160:18:160:30":23,"s:161:4:161:37":24,"f:165:8:165:23":9,"s:166:25:169:5":25,"s:170:4:170:24":26},"fnNames":{}}}
,"C:\\Users\\dim-d\\Documents\\Workspace\\final-project-1\\pet-sitter-app-server\\repositories\\reports.repository.mjs": {"path":"C:\\Users\\dim-d\\Documents\\Workspace\\final-project-1\\pet-sitter-app-server\\repositories\\reports.repository.mjs","statementMap":{"0":{"start":{"line":3,"column":33},"end":{"line":64,"column":1}},"1":{"start":{"line":5,"column":21},"end":{"line":10,"column":5}},"2":{"start":{"line":12,"column":4},"end":{"line":12,"column":19}},"3":{"start":{"line":16,"column":21},"end":{"line":29,"column":5}},"4":{"start":{"line":30,"column":4},"end":{"line":30,"column":16}},"5":{"start":{"line":34,"column":21},"end":{"line":49,"column":5}},"6":{"start":{"line":50,"column":4},"end":{"line":50,"column":27}},"7":{"start":{"line":54,"column":21},"end":{"line":60,"column":5}},"8":{"start":{"line":61,"column":4},"end":{"line":61,"column":30}},"9":{"start":{"line":61,"column":18},"end":{"line":61,"column":30}},"10":{"start":{"line":62,"column":4},"end":{"line":62,"column":29}}},"fnMap":{"0":{"name":"create","decl":{"start":{"line":4,"column":8},"end":{"line":4,"column":14}},"loc":{"start":{"line":4,"column":64},"end":{"line":13,"column":3}},"line":4},"1":{"name":"findMany","decl":{"start":{"line":15,"column":8},"end":{"line":15,"column":16}},"loc":{"start":{"line":15,"column":19},"end":{"line":31,"column":3}},"line":15},"2":{"name":"findById","decl":{"start":{"line":33,"column":8},"end":{"line":33,"column":16}},"loc":{"start":{"line":33,"column":21},"end":{"line":51,"column":3}},"line":33},"3":{"name":"updateStatus","decl":{"start":{"line":53,"column":8},"end":{"line":53,"column":20}},"loc":{"start":{"line":53,"column":33},"end":{"line":63,"column":3}},"line":53}},"branchMap":{"0":{"loc":{"start":{"line":50,"column":11},"end":{"line":50,"column":26}},"type":"binary-expr","locations":[{"start":{"line":50,"column":11},"end":{"line":50,"column":18}},{"start":{"line":50,"column":22},"end":{"line":50,"column":26}}],"line":50},"1":{"loc":{"start":{"line":61,"column":4},"end":{"line":61,"column":30}},"type":"if","locations":[{"start":{"line":61,"column":4},"end":{"line":61,"column":30}},{"start":{},"end":{}}],"line":61}},"s":{"0":1,"1":0,"2":0,"3":0,"4":0,"5":0,"6":0,"7":0,"8":0,"9":0,"10":0},"f":{"0":0,"1":0,"2":0,"3":0},"b":{"0":[0,0],"1":[0,0]},"meta":{"lastBranch":2,"lastFunction":4,"lastStatement":11,"seen":{"s:3:33:64:1":0,"f:4:8:4:14":0,"s:5:21:10:5":1,"s:12:4:12:19":2,"f:15:8:15:16":1,"s:16:21:29:5":3,"s:30:4:30:16":4,"f:33:8:33:16":2,"s:34:21:49:5":5,"s:50:4:50:27":6,"b:50:11:50:18:50:22:50:26":0,"f:53:8:53:20":3,"s:54:21:60:5":7,"b:61:4:61:30:undefined:undefined:undefined:undefined":1,"s:61:4:61:30":8,"s:61:18:61:30":9,"s:62:4:62:29":10},"fnNames":{}}}
,"C:\\Users\\dim-d\\Documents\\Workspace\\final-project-1\\pet-sitter-app-server\\repositories\\reviews.repository.mjs": {"path":"C:\\Users\\dim-d\\Documents\\Workspace\\final-project-1\\pet-sitter-app-server\\repositories\\reviews.repository.mjs","statementMap":{"0":{"start":{"line":3,"column":33},"end":{"line":187,"column":1}},"1":{"start":{"line":5,"column":21},"end":{"line":10,"column":5}},"2":{"start":{"line":12,"column":4},"end":{"line":12,"column":19}},"3":{"start":{"line":16,"column":19},"end":{"line":35,"column":5}},"4":{"start":{"line":37,"column":24},"end":{"line":46,"column":5}},"5":{"start":{"line":48,"column":4},"end":{"line":51,"column":6}},"6":{"start":{"line":56,"column":19},"end":{"line":74,"column":5}},"7":{"start":{"line":76,"column":24},"end":{"line":84,"column":5}},"8":{"start":{"line":86,"column":4},"end":{"line":89,"column":6}},"9":{"start":{"line":93,"column":21},"end":{"line":103,"column":5}},"10":{"start":{"line":105,"column":4},"end":{"line":108,"column":6}},"11":{"start":{"line":113,"column":19},"end":{"line":113,"column":39}},"12":{"start":{"line":114,"column":4},"end":{"line":148,"column":5}},"13":{"start":{"line":115,"column":6},"end":{"line":115,"column":34}},"14":{"start":{"line":117,"column":23},"end":{"line":125,"column":7}},"15":{"start":{"line":127,"column":6},"end":{"line":130,"column":7}},"16":{"start":{"line":128,"column":8},"end":{"line":128,"column":39}},"17":{"start":{"line":129,"column":8},"end":{"line":129,"column":20}},"18":{"start":{"line":132,"column":6},"end":{"line":139,"column":8}},"19":{"start":{"line":141,"column":6},"end":{"line":141,"column":35}},"20":{"start":{"line":142,"column":6},"end":{"line":142,"column":21}},"21":{"start":{"line":144,"column":6},"end":{"line":144,"column":37}},"22":{"start":{"line":145,"column":6},"end":{"line":145,"column":18}},"23":{"start":{"line":147,"column":6},"end":{"line":147,"column":23}},"24":{"start":{"line":153,"column":21},"end":{"line":160,"column":5}},"25":{"start":{"line":162,"column":4},"end":{"line":162,"column":27}},"26":{"start":{"line":166,"column":21},"end":{"line":184,"column":5}},"27":{"start":{"line":185,"column":4},"end":{"line":185,"column":16}}},"fnMap":{"0":{"name":"create","decl":{"start":{"line":4,"column":8},"end":{"line":4,"column":14}},"loc":{"start":{"line":4,"column":63},"end":{"line":13,"column":3}},"line":4},"1":{"name":"findBySitterId","decl":{"start":{"line":15,"column":8},"end":{"line":15,"column":22}},"loc":{"start":{"line":15,"column":63},"end":{"line":52,"column":3}},"line":15},"2":{"name":"findPendingBySitterId","decl":{"start":{"line":55,"column":8},"end":{"line":55,"column":29}},"loc":{"start":{"line":55,"column":55},"end":{"line":90,"column":3}},"line":55},"3":{"name":"getSummary","decl":{"start":{"line":92,"column":8},"end":{"line":92,"column":18}},"loc":{"start":{"line":92,"column":29},"end":{"line":109,"column":3}},"line":92},"4":{"name":"approveByIdAndSitterId","decl":{"start":{"line":112,"column":8},"end":{"line":112,"column":30}},"loc":{"start":{"line":112,"column":51},"end":{"line":149,"column":3}},"line":112},"5":{"name":"deletePendingByIdAndSitterId","decl":{"start":{"line":152,"column":8},"end":{"line":152,"column":36}},"loc":{"start":{"line":152,"column":57},"end":{"line":163,"column":3}},"line":152},"6":{"name":"findByOwnerId","decl":{"start":{"line":165,"column":8},"end":{"line":165,"column":21}},"loc":{"start":{"line":165,"column":31},"end":{"line":186,"column":3}},"line":165}},"branchMap":{"0":{"loc":{"start":{"line":50,"column":13},"end":{"line":50,"column":44}},"type":"binary-expr","locations":[{"start":{"line":50,"column":13},"end":{"line":50,"column":39}},{"start":{"line":50,"column":43},"end":{"line":50,"column":44}}],"line":50},"1":{"loc":{"start":{"line":88,"column":13},"end":{"line":88,"column":44}},"type":"binary-expr","locations":[{"start":{"line":88,"column":13},"end":{"line":88,"column":39}},{"start":{"line":88,"column":43},"end":{"line":88,"column":44}}],"line":88},"2":{"loc":{"start":{"line":106,"column":25},"end":{"line":106,"column":49}},"type":"binary-expr","locations":[{"start":{"line":106,"column":25},"end":{"line":106,"column":44}},{"start":{"line":106,"column":48},"end":{"line":106,"column":49}}],"line":106},"3":{"loc":{"start":{"line":107,"column":27},"end":{"line":107,"column":53}},"type":"binary-expr","locations":[{"start":{"line":107,"column":27},"end":{"line":107,"column":48}},{"start":{"line":107,"column":52},"end":{"line":107,"column":53}}],"line":107},"4":{"loc":{"start":{"line":127,"column":6},"end":{"line":130,"column":7}},"type":"if","locations":[{"start":{"line":127,"column":6},"end":{"line":130,"column":7}},{"start":{},"end":{}}],"line":127},"5":{"loc":{"start":{"line":162,"column":11},"end":{"line":162,"column":26}},"type":"binary-expr","locations":[{"start":{"line":162,"column":11},"end":{"line":162,"column":18}},{"start":{"line":162,"column":22},"end":{"line":162,"column":26}}],"line":162}},"s":{"0":1,"1":0,"2":0,"3":0,"4":0,"5":0,"6":0,"7":0,"8":0,"9":0,"10":0,"11":0,"12":0,"13":0,"14":0,"15":0,"16":0,"17":0,"18":0,"19":0,"20":0,"21":0,"22":0,"23":0,"24":0,"25":0,"26":0,"27":0},"f":{"0":0,"1":0,"2":0,"3":0,"4":0,"5":0,"6":0},"b":{"0":[0,0],"1":[0,0],"2":[0,0],"3":[0,0],"4":[0,0],"5":[0,0]},"meta":{"lastBranch":6,"lastFunction":7,"lastStatement":28,"seen":{"s:3:33:187:1":0,"f:4:8:4:14":0,"s:5:21:10:5":1,"s:12:4:12:19":2,"f:15:8:15:22":1,"s:16:19:35:5":3,"s:37:24:46:5":4,"s:48:4:51:6":5,"b:50:13:50:39:50:43:50:44":0,"f:55:8:55:29":2,"s:56:19:74:5":6,"s:76:24:84:5":7,"s:86:4:89:6":8,"b:88:13:88:39:88:43:88:44":1,"f:92:8:92:18":3,"s:93:21:103:5":9,"s:105:4:108:6":10,"b:106:25:106:44:106:48:106:49":2,"b:107:27:107:48:107:52:107:53":3,"f:112:8:112:30":4,"s:113:19:113:39":11,"s:114:4:148:5":12,"s:115:6:115:34":13,"s:117:23:125:7":14,"b:127:6:130:7:undefined:undefined:undefined:undefined":4,"s:127:6:130:7":15,"s:128:8:128:39":16,"s:129:8:129:20":17,"s:132:6:139:8":18,"s:141:6:141:35":19,"s:142:6:142:21":20,"s:144:6:144:37":21,"s:145:6:145:18":22,"s:147:6:147:23":23,"f:152:8:152:36":5,"s:153:21:160:5":24,"s:162:4:162:27":25,"b:162:11:162:18:162:22:162:26":5,"f:165:8:165:21":6,"s:166:21:184:5":26,"s:185:4:185:16":27},"fnNames":{}}}
,"C:\\Users\\dim-d\\Documents\\Workspace\\final-project-1\\pet-sitter-app-server\\repositories\\sitterProfiles.repository.mjs": {"path":"C:\\Users\\dim-d\\Documents\\Workspace\\final-project-1\\pet-sitter-app-server\\repositories\\sitterProfiles.repository.mjs","statementMap":{"0":{"start":{"line":4,"column":14},"end":{"line":4,"column":46}},"1":{"start":{"line":5,"column":2},"end":{"line":5,"column":63}},"2":{"start":{"line":9,"column":2},"end":{"line":9,"column":41}},"3":{"start":{"line":9,"column":28},"end":{"line":9,"column":41}},"4":{"start":{"line":10,"column":2},"end":{"line":17,"column":3}},"5":{"start":{"line":11,"column":4},"end":{"line":16,"column":5}},"6":{"start":{"line":12,"column":21},"end":{"line":12,"column":38}},"7":{"start":{"line":13,"column":6},"end":{"line":13,"column":49}},"8":{"start":{"line":15,"column":6},"end":{"line":15,"column":16}},"9":{"start":{"line":18,"column":2},"end":{"line":18,"column":12}},"10":{"start":{"line":23,"column":26},"end":{"line":31,"column":1}},"11":{"start":{"line":35,"column":19},"end":{"line":35,"column":48}},"12":{"start":{"line":37,"column":2},"end":{"line":49,"column":4}},"13":{"start":{"line":44,"column":37},"end":{"line":44,"column":60}},"14":{"start":{"line":53,"column":40},"end":{"line":316,"column":1}},"15":{"start":{"line":55,"column":21},"end":{"line":61,"column":5}},"16":{"start":{"line":62,"column":4},"end":{"line":62,"column":27}},"17":{"start":{"line":69,"column":21},"end":{"line":76,"column":5}},"18":{"start":{"line":77,"column":4},"end":{"line":77,"column":19}},"19":{"start":{"line":82,"column":21},"end":{"line":123,"column":5}},"20":{"start":{"line":124,"column":4},"end":{"line":124,"column":27}},"21":{"start":{"line":131,"column":19},"end":{"line":200,"column":5}},"22":{"start":{"line":203,"column":24},"end":{"line":238,"column":5}},"23":{"start":{"line":240,"column":4},"end":{"line":243,"column":6}},"24":{"start":{"line":247,"column":21},"end":{"line":312,"column":5}},"25":{"start":{"line":314,"column":4},"end":{"line":314,"column":27}}},"fnMap":{"0":{"name":"formatPetTypeName","decl":{"start":{"line":3,"column":9},"end":{"line":3,"column":26}},"loc":{"start":{"line":3,"column":33},"end":{"line":6,"column":1}},"line":3},"1":{"name":"parseJsonArray","decl":{"start":{"line":8,"column":9},"end":{"line":8,"column":23}},"loc":{"start":{"line":8,"column":31},"end":{"line":19,"column":1}},"line":8},"2":{"name":"toListItem","decl":{"start":{"line":34,"column":9},"end":{"line":34,"column":19}},"loc":{"start":{"line":34,"column":25},"end":{"line":50,"column":1}},"line":34},"3":{"name":"(anonymous_3)","decl":{"start":{"line":44,"column":27},"end":{"line":44,"column":28}},"loc":{"start":{"line":44,"column":37},"end":{"line":44,"column":60}},"line":44},"4":{"name":"findByUserId","decl":{"start":{"line":54,"column":8},"end":{"line":54,"column":20}},"loc":{"start":{"line":54,"column":29},"end":{"line":63,"column":3}},"line":54},"5":{"name":"create","decl":{"start":{"line":65,"column":8},"end":{"line":65,"column":14}},"loc":{"start":{"line":65,"column":40},"end":{"line":78,"column":3}},"line":65},"6":{"name":"findById","decl":{"start":{"line":81,"column":8},"end":{"line":81,"column":16}},"loc":{"start":{"line":81,"column":27},"end":{"line":125,"column":3}},"line":81},"7":{"name":"findMany","decl":{"start":{"line":130,"column":8},"end":{"line":130,"column":16}},"loc":{"start":{"line":130,"column":72},"end":{"line":244,"column":3}},"line":130},"8":{"name":"findPublicById","decl":{"start":{"line":246,"column":8},"end":{"line":246,"column":22}},"loc":{"start":{"line":246,"column":27},"end":{"line":315,"column":3}},"line":246}},"branchMap":{"0":{"loc":{"start":{"line":4,"column":21},"end":{"line":4,"column":31}},"type":"binary-expr","locations":[{"start":{"line":4,"column":21},"end":{"line":4,"column":25}},{"start":{"line":4,"column":29},"end":{"line":4,"column":31}}],"line":4},"1":{"loc":{"start":{"line":5,"column":9},"end":{"line":5,"column":62}},"type":"cond-expr","locations":[{"start":{"line":5,"column":15},"end":{"line":5,"column":57}},{"start":{"line":5,"column":60},"end":{"line":5,"column":62}}],"line":5},"2":{"loc":{"start":{"line":9,"column":2},"end":{"line":9,"column":41}},"type":"if","locations":[{"start":{"line":9,"column":2},"end":{"line":9,"column":41}},{"start":{},"end":{}}],"line":9},"3":{"loc":{"start":{"line":10,"column":2},"end":{"line":17,"column":3}},"type":"if","locations":[{"start":{"line":10,"column":2},"end":{"line":17,"column":3}},{"start":{},"end":{}}],"line":10},"4":{"loc":{"start":{"line":13,"column":13},"end":{"line":13,"column":48}},"type":"cond-expr","locations":[{"start":{"line":13,"column":37},"end":{"line":13,"column":43}},{"start":{"line":13,"column":46},"end":{"line":13,"column":48}}],"line":13},"5":{"loc":{"start":{"line":47,"column":14},"end":{"line":47,"column":64}},"type":"cond-expr","locations":[{"start":{"line":47,"column":37},"end":{"line":47,"column":57}},{"start":{"line":47,"column":60},"end":{"line":47,"column":64}}],"line":47},"6":{"loc":{"start":{"line":48,"column":15},"end":{"line":48,"column":67}},"type":"cond-expr","locations":[{"start":{"line":48,"column":39},"end":{"line":48,"column":60}},{"start":{"line":48,"column":63},"end":{"line":48,"column":67}}],"line":48},"7":{"loc":{"start":{"line":62,"column":11},"end":{"line":62,"column":26}},"type":"binary-expr","locations":[{"start":{"line":62,"column":11},"end":{"line":62,"column":18}},{"start":{"line":62,"column":22},"end":{"line":62,"column":26}}],"line":62},"8":{"loc":{"start":{"line":124,"column":11},"end":{"line":124,"column":26}},"type":"binary-expr","locations":[{"start":{"line":124,"column":11},"end":{"line":124,"column":18}},{"start":{"line":124,"column":22},"end":{"line":124,"column":26}}],"line":124},"9":{"loc":{"start":{"line":242,"column":13},"end":{"line":242,"column":44}},"type":"binary-expr","locations":[{"start":{"line":242,"column":13},"end":{"line":242,"column":39}},{"start":{"line":242,"column":43},"end":{"line":242,"column":44}}],"line":242},"10":{"loc":{"start":{"line":314,"column":11},"end":{"line":314,"column":26}},"type":"binary-expr","locations":[{"start":{"line":314,"column":11},"end":{"line":314,"column":18}},{"start":{"line":314,"column":22},"end":{"line":314,"column":26}}],"line":314}},"s":{"0":0,"1":0,"2":0,"3":0,"4":0,"5":0,"6":0,"7":0,"8":0,"9":0,"10":1,"11":0,"12":0,"13":0,"14":1,"15":0,"16":0,"17":0,"18":0,"19":0,"20":0,"21":0,"22":0,"23":0,"24":0,"25":0},"f":{"0":0,"1":0,"2":0,"3":0,"4":0,"5":0,"6":0,"7":0,"8":0},"b":{"0":[0,0],"1":[0,0],"2":[0,0],"3":[0,0],"4":[0,0],"5":[0,0],"6":[0,0],"7":[0,0],"8":[0,0],"9":[0,0],"10":[0,0]},"meta":{"lastBranch":11,"lastFunction":9,"lastStatement":26,"seen":{"f:3:9:3:26":0,"s:4:14:4:46":0,"b:4:21:4:25:4:29:4:31":0,"s:5:2:5:63":1,"b:5:15:5:57:5:60:5:62":1,"f:8:9:8:23":1,"b:9:2:9:41:undefined:undefined:undefined:undefined":2,"s:9:2:9:41":2,"s:9:28:9:41":3,"b:10:2:17:3:undefined:undefined:undefined:undefined":3,"s:10:2:17:3":4,"s:11:4:16:5":5,"s:12:21:12:38":6,"s:13:6:13:49":7,"b:13:37:13:43:13:46:13:48":4,"s:15:6:15:16":8,"s:18:2:18:12":9,"s:23:26:31:1":10,"f:34:9:34:19":2,"s:35:19:35:48":11,"s:37:2:49:4":12,"f:44:27:44:28":3,"s:44:37:44:60":13,"b:47:37:47:57:47:60:47:64":5,"b:48:39:48:60:48:63:48:67":6,"s:53:40:316:1":14,"f:54:8:54:20":4,"s:55:21:61:5":15,"s:62:4:62:27":16,"b:62:11:62:18:62:22:62:26":7,"f:65:8:65:14":5,"s:69:21:76:5":17,"s:77:4:77:19":18,"f:81:8:81:16":6,"s:82:21:123:5":19,"s:124:4:124:27":20,"b:124:11:124:18:124:22:124:26":8,"f:130:8:130:16":7,"s:131:19:200:5":21,"s:203:24:238:5":22,"s:240:4:243:6":23,"b:242:13:242:39:242:43:242:44":9,"f:246:8:246:22":8,"s:247:21:312:5":24,"s:314:4:314:27":25,"b:314:11:314:18:314:22:314:26":10},"fnNames":{}}}
,"C:\\Users\\dim-d\\Documents\\Workspace\\final-project-1\\pet-sitter-app-server\\repositories\\stripe.mjs": {"path":"C:\\Users\\dim-d\\Documents\\Workspace\\final-project-1\\pet-sitter-app-server\\repositories\\stripe.mjs","statementMap":{"0":{"start":{"line":4,"column":19},"end":{"line":4,"column":23}},"1":{"start":{"line":7,"column":14},"end":{"line":7,"column":43}},"2":{"start":{"line":8,"column":2},"end":{"line":10,"column":3}},"3":{"start":{"line":9,"column":4},"end":{"line":9,"column":53}},"4":{"start":{"line":11,"column":2},"end":{"line":13,"column":3}},"5":{"start":{"line":12,"column":4},"end":{"line":12,"column":35}},"6":{"start":{"line":14,"column":2},"end":{"line":14,"column":22}},"7":{"start":{"line":18,"column":17},"end":{"line":18,"column":50}},"8":{"start":{"line":19,"column":2},"end":{"line":21,"column":3}},"9":{"start":{"line":20,"column":4},"end":{"line":20,"column":61}},"10":{"start":{"line":22,"column":2},"end":{"line":24,"column":3}},"11":{"start":{"line":23,"column":4},"end":{"line":23,"column":60}},"12":{"start":{"line":26,"column":2},"end":{"line":30,"column":3}},"13":{"start":{"line":27,"column":4},"end":{"line":27,"column":75}},"14":{"start":{"line":29,"column":4},"end":{"line":29,"column":84}}},"fnMap":{"0":{"name":"getStripe","decl":{"start":{"line":6,"column":16},"end":{"line":6,"column":25}},"loc":{"start":{"line":6,"column":28},"end":{"line":15,"column":1}},"line":6},"1":{"name":"constructStripeEvent","decl":{"start":{"line":17,"column":16},"end":{"line":17,"column":36}},"loc":{"start":{"line":17,"column":57},"end":{"line":31,"column":1}},"line":17}},"branchMap":{"0":{"loc":{"start":{"line":8,"column":2},"end":{"line":10,"column":3}},"type":"if","locations":[{"start":{"line":8,"column":2},"end":{"line":10,"column":3}},{"start":{},"end":{}}],"line":8},"1":{"loc":{"start":{"line":11,"column":2},"end":{"line":13,"column":3}},"type":"if","locations":[{"start":{"line":11,"column":2},"end":{"line":13,"column":3}},{"start":{},"end":{}}],"line":11},"2":{"loc":{"start":{"line":19,"column":2},"end":{"line":21,"column":3}},"type":"if","locations":[{"start":{"line":19,"column":2},"end":{"line":21,"column":3}},{"start":{},"end":{}}],"line":19},"3":{"loc":{"start":{"line":22,"column":2},"end":{"line":24,"column":3}},"type":"if","locations":[{"start":{"line":22,"column":2},"end":{"line":24,"column":3}},{"start":{},"end":{}}],"line":22}},"s":{"0":1,"1":0,"2":0,"3":0,"4":0,"5":0,"6":0,"7":0,"8":0,"9":0,"10":0,"11":0,"12":0,"13":0,"14":0},"f":{"0":0,"1":0},"b":{"0":[0,0],"1":[0,0],"2":[0,0],"3":[0,0]},"meta":{"lastBranch":4,"lastFunction":2,"lastStatement":15,"seen":{"s:4:19:4:23":0,"f:6:16:6:25":0,"s:7:14:7:43":1,"b:8:2:10:3:undefined:undefined:undefined:undefined":0,"s:8:2:10:3":2,"s:9:4:9:53":3,"b:11:2:13:3:undefined:undefined:undefined:undefined":1,"s:11:2:13:3":4,"s:12:4:12:35":5,"s:14:2:14:22":6,"f:17:16:17:36":1,"s:18:17:18:50":7,"b:19:2:21:3:undefined:undefined:undefined:undefined":2,"s:19:2:21:3":8,"s:20:4:20:61":9,"b:22:2:24:3:undefined:undefined:undefined:undefined":3,"s:22:2:24:3":10,"s:23:4:23:60":11,"s:26:2:30:3":12,"s:27:4:27:75":13,"s:29:4:29:84":14},"fnNames":{}}}
,"C:\\Users\\dim-d\\Documents\\Workspace\\final-project-1\\pet-sitter-app-server\\repositories\\users.repository.mjs": {"path":"C:\\Users\\dim-d\\Documents\\Workspace\\final-project-1\\pet-sitter-app-server\\repositories\\users.repository.mjs","statementMap":{"0":{"start":{"line":4,"column":2},"end":{"line":4,"column":122}},"1":{"start":{"line":6,"column":31},"end":{"line":89,"column":1}},"2":{"start":{"line":8,"column":21},"end":{"line":12,"column":6}},"3":{"start":{"line":13,"column":4},"end":{"line":13,"column":16}},"4":{"start":{"line":17,"column":21},"end":{"line":23,"column":5}},"5":{"start":{"line":24,"column":4},"end":{"line":24,"column":27}},"6":{"start":{"line":28,"column":21},"end":{"line":34,"column":5}},"7":{"start":{"line":35,"column":4},"end":{"line":35,"column":27}},"8":{"start":{"line":39,"column":21},"end":{"line":45,"column":5}},"9":{"start":{"line":46,"column":4},"end":{"line":46,"column":27}},"10":{"start":{"line":51,"column":21},"end":{"line":56,"column":5}},"11":{"start":{"line":57,"column":4},"end":{"line":57,"column":19}},"12":{"start":{"line":61,"column":21},"end":{"line":73,"column":5}},"13":{"start":{"line":74,"column":4},"end":{"line":74,"column":27}},"14":{"start":{"line":78,"column":21},"end":{"line":86,"column":5}},"15":{"start":{"line":87,"column":4},"end":{"line":87,"column":27}}},"fnMap":{"0":{"name":"findAll","decl":{"start":{"line":7,"column":8},"end":{"line":7,"column":15}},"loc":{"start":{"line":7,"column":18},"end":{"line":14,"column":3}},"line":7},"1":{"name":"findById","decl":{"start":{"line":16,"column":8},"end":{"line":16,"column":16}},"loc":{"start":{"line":16,"column":21},"end":{"line":25,"column":3}},"line":16},"2":{"name":"findByEmail","decl":{"start":{"line":27,"column":8},"end":{"line":27,"column":19}},"loc":{"start":{"line":27,"column":27},"end":{"line":36,"column":3}},"line":27},"3":{"name":"findByPhone","decl":{"start":{"line":38,"column":8},"end":{"line":38,"column":19}},"loc":{"start":{"line":38,"column":27},"end":{"line":47,"column":3}},"line":38},"4":{"name":"create","decl":{"start":{"line":50,"column":8},"end":{"line":50,"column":14}},"loc":{"start":{"line":50,"column":43},"end":{"line":58,"column":3}},"line":50},"5":{"name":"updateById","decl":{"start":{"line":60,"column":8},"end":{"line":60,"column":18}},"loc":{"start":{"line":60,"column":85},"end":{"line":75,"column":3}},"line":60},"6":{"name":"setBanned","decl":{"start":{"line":77,"column":8},"end":{"line":77,"column":17}},"loc":{"start":{"line":77,"column":32},"end":{"line":88,"column":3}},"line":77}},"branchMap":{"0":{"loc":{"start":{"line":24,"column":11},"end":{"line":24,"column":26}},"type":"binary-expr","locations":[{"start":{"line":24,"column":11},"end":{"line":24,"column":18}},{"start":{"line":24,"column":22},"end":{"line":24,"column":26}}],"line":24},"1":{"loc":{"start":{"line":35,"column":11},"end":{"line":35,"column":26}},"type":"binary-expr","locations":[{"start":{"line":35,"column":11},"end":{"line":35,"column":18}},{"start":{"line":35,"column":22},"end":{"line":35,"column":26}}],"line":35},"2":{"loc":{"start":{"line":46,"column":11},"end":{"line":46,"column":26}},"type":"binary-expr","locations":[{"start":{"line":46,"column":11},"end":{"line":46,"column":18}},{"start":{"line":46,"column":22},"end":{"line":46,"column":26}}],"line":46},"3":{"loc":{"start":{"line":55,"column":25},"end":{"line":55,"column":37}},"type":"binary-expr","locations":[{"start":{"line":55,"column":25},"end":{"line":55,"column":29}},{"start":{"line":55,"column":33},"end":{"line":55,"column":37}}],"line":55},"4":{"loc":{"start":{"line":74,"column":11},"end":{"line":74,"column":26}},"type":"binary-expr","locations":[{"start":{"line":74,"column":11},"end":{"line":74,"column":18}},{"start":{"line":74,"column":22},"end":{"line":74,"column":26}}],"line":74},"5":{"loc":{"start":{"line":87,"column":11},"end":{"line":87,"column":26}},"type":"binary-expr","locations":[{"start":{"line":87,"column":11},"end":{"line":87,"column":18}},{"start":{"line":87,"column":22},"end":{"line":87,"column":26}}],"line":87}},"s":{"0":1,"1":1,"2":0,"3":0,"4":0,"5":0,"6":0,"7":0,"8":0,"9":0,"10":0,"11":0,"12":0,"13":0,"14":0,"15":0},"f":{"0":0,"1":0,"2":0,"3":0,"4":0,"5":0,"6":0},"b":{"0":[0,0],"1":[0,0],"2":[0,0],"3":[0,0],"4":[0,0],"5":[0,0]},"meta":{"lastBranch":6,"lastFunction":7,"lastStatement":16,"seen":{"s:4:2:4:122":0,"s:6:31:89:1":1,"f:7:8:7:15":0,"s:8:21:12:6":2,"s:13:4:13:16":3,"f:16:8:16:16":1,"s:17:21:23:5":4,"s:24:4:24:27":5,"b:24:11:24:18:24:22:24:26":0,"f:27:8:27:19":2,"s:28:21:34:5":6,"s:35:4:35:27":7,"b:35:11:35:18:35:22:35:26":1,"f:38:8:38:19":3,"s:39:21:45:5":8,"s:46:4:46:27":9,"b:46:11:46:18:46:22:46:26":2,"f:50:8:50:14":4,"s:51:21:56:5":10,"b:55:25:55:29:55:33:55:37":3,"s:57:4:57:19":11,"f:60:8:60:18":5,"s:61:21:73:5":12,"s:74:4:74:27":13,"b:74:11:74:18:74:22:74:26":4,"f:77:8:77:17":6,"s:78:21:86:5":14,"s:87:4:87:27":15,"b:87:11:87:18:87:22:87:26":5},"fnNames":{}}}
,"C:\\Users\\dim-d\\Documents\\Workspace\\final-project-1\\pet-sitter-app-server\\services\\bookings.service.mjs": {"path":"C:\\Users\\dim-d\\Documents\\Workspace\\final-project-1\\pet-sitter-app-server\\services\\bookings.service.mjs","statementMap":{"0":{"start":{"line":26,"column":28},"end":{"line":30,"column":1}},"1":{"start":{"line":32,"column":24},"end":{"line":32,"column":51}},"2":{"start":{"line":35,"column":2},"end":{"line":37,"column":3}},"3":{"start":{"line":36,"column":4},"end":{"line":36,"column":57}},"4":{"start":{"line":39,"column":21},"end":{"line":39,"column":23}},"5":{"start":{"line":40,"column":2},"end":{"line":46,"column":3}},"6":{"start":{"line":41,"column":14},"end":{"line":41,"column":24}},"7":{"start":{"line":42,"column":4},"end":{"line":44,"column":5}},"8":{"start":{"line":43,"column":6},"end":{"line":43,"column":45}},"9":{"start":{"line":45,"column":4},"end":{"line":45,"column":23}},"10":{"start":{"line":48,"column":2},"end":{"line":48,"column":34}},"11":{"start":{"line":52,"column":2},"end":{"line":52,"column":41}},"12":{"start":{"line":52,"column":28},"end":{"line":52,"column":41}},"13":{"start":{"line":53,"column":2},"end":{"line":60,"column":3}},"14":{"start":{"line":54,"column":4},"end":{"line":59,"column":5}},"15":{"start":{"line":55,"column":21},"end":{"line":55,"column":38}},"16":{"start":{"line":56,"column":6},"end":{"line":56,"column":49}},"17":{"start":{"line":58,"column":6},"end":{"line":58,"column":16}},"18":{"start":{"line":61,"column":2},"end":{"line":61,"column":12}},"19":{"start":{"line":75,"column":2},"end":{"line":508,"column":4}},"20":{"start":{"line":77,"column":4},"end":{"line":83,"column":6}},"21":{"start":{"line":87,"column":20},"end":{"line":90,"column":5}},"22":{"start":{"line":92,"column":4},"end":{"line":94,"column":5}},"23":{"start":{"line":93,"column":6},"end":{"line":93,"column":48}},"24":{"start":{"line":96,"column":4},"end":{"line":96,"column":19}},"25":{"start":{"line":100,"column":20},"end":{"line":103,"column":5}},"26":{"start":{"line":105,"column":4},"end":{"line":107,"column":5}},"27":{"start":{"line":106,"column":6},"end":{"line":106,"column":48}},"28":{"start":{"line":109,"column":20},"end":{"line":109,"column":61}},"29":{"start":{"line":110,"column":4},"end":{"line":112,"column":5}},"30":{"start":{"line":111,"column":6},"end":{"line":111,"column":56}},"31":{"start":{"line":115,"column":4},"end":{"line":122,"column":5}},"32":{"start":{"line":121,"column":6},"end":{"line":121,"column":48}},"33":{"start":{"line":125,"column":4},"end":{"line":132,"column":5}},"34":{"start":{"line":131,"column":6},"end":{"line":131,"column":49}},"35":{"start":{"line":134,"column":20},"end":{"line":138,"column":5}},"36":{"start":{"line":140,"column":20},"end":{"line":140,"column":61}},"37":{"start":{"line":141,"column":4},"end":{"line":147,"column":5}},"38":{"start":{"line":142,"column":6},"end":{"line":146,"column":9}},"39":{"start":{"line":149,"column":4},"end":{"line":155,"column":5}},"40":{"start":{"line":150,"column":6},"end":{"line":154,"column":9}},"41":{"start":{"line":158,"column":4},"end":{"line":165,"column":5}},"42":{"start":{"line":164,"column":6},"end":{"line":164,"column":63}},"43":{"start":{"line":167,"column":4},"end":{"line":167,"column":19}},"44":{"start":{"line":173,"column":4},"end":{"line":179,"column":6}},"45":{"start":{"line":185,"column":20},"end":{"line":188,"column":5}},"46":{"start":{"line":190,"column":4},"end":{"line":192,"column":5}},"47":{"start":{"line":191,"column":6},"end":{"line":191,"column":48}},"48":{"start":{"line":194,"column":4},"end":{"line":194,"column":19}},"49":{"start":{"line":202,"column":20},"end":{"line":205,"column":5}},"50":{"start":{"line":207,"column":4},"end":{"line":209,"column":5}},"51":{"start":{"line":208,"column":6},"end":{"line":208,"column":48}},"52":{"start":{"line":211,"column":4},"end":{"line":213,"column":5}},"53":{"start":{"line":212,"column":6},"end":{"line":212,"column":89}},"54":{"start":{"line":215,"column":4},"end":{"line":222,"column":5}},"55":{"start":{"line":221,"column":6},"end":{"line":221,"column":48}},"56":{"start":{"line":224,"column":20},"end":{"line":228,"column":5}},"57":{"start":{"line":230,"column":4},"end":{"line":234,"column":7}},"58":{"start":{"line":236,"column":4},"end":{"line":236,"column":19}},"59":{"start":{"line":245,"column":20},"end":{"line":248,"column":5}},"60":{"start":{"line":250,"column":4},"end":{"line":252,"column":5}},"61":{"start":{"line":251,"column":6},"end":{"line":251,"column":48}},"62":{"start":{"line":254,"column":4},"end":{"line":259,"column":5}},"63":{"start":{"line":255,"column":6},"end":{"line":258,"column":8}},"64":{"start":{"line":261,"column":35},"end":{"line":261,"column":64}},"65":{"start":{"line":262,"column":35},"end":{"line":267,"column":6}},"66":{"start":{"line":269,"column":24},"end":{"line":276,"column":6}},"67":{"start":{"line":277,"column":4},"end":{"line":282,"column":5}},"68":{"start":{"line":278,"column":6},"end":{"line":281,"column":8}},"69":{"start":{"line":284,"column":51},"end":{"line":290,"column":6}},"70":{"start":{"line":296,"column":4},"end":{"line":304,"column":5}},"71":{"start":{"line":300,"column":6},"end":{"line":303,"column":8}},"72":{"start":{"line":306,"column":4},"end":{"line":314,"column":7}},"73":{"start":{"line":320,"column":20},"end":{"line":323,"column":5}},"74":{"start":{"line":325,"column":4},"end":{"line":327,"column":5}},"75":{"start":{"line":326,"column":6},"end":{"line":326,"column":48}},"76":{"start":{"line":329,"column":4},"end":{"line":331,"column":5}},"77":{"start":{"line":330,"column":6},"end":{"line":330,"column":66}},"78":{"start":{"line":333,"column":4},"end":{"line":335,"column":5}},"79":{"start":{"line":334,"column":6},"end":{"line":334,"column":55}},"80":{"start":{"line":337,"column":4},"end":{"line":343,"column":7}},"81":{"start":{"line":348,"column":20},"end":{"line":351,"column":5}},"82":{"start":{"line":353,"column":4},"end":{"line":355,"column":5}},"83":{"start":{"line":354,"column":6},"end":{"line":354,"column":48}},"84":{"start":{"line":357,"column":4},"end":{"line":362,"column":7}},"85":{"start":{"line":379,"column":8},"end":{"line":379,"column":18}},"86":{"start":{"line":381,"column":4},"end":{"line":383,"column":5}},"87":{"start":{"line":382,"column":6},"end":{"line":382,"column":67}},"88":{"start":{"line":385,"column":4},"end":{"line":387,"column":5}},"89":{"start":{"line":386,"column":6},"end":{"line":386,"column":51}},"90":{"start":{"line":389,"column":35},"end":{"line":389,"column":64}},"91":{"start":{"line":390,"column":35},"end":{"line":395,"column":6}},"92":{"start":{"line":397,"column":4},"end":{"line":399,"column":5}},"93":{"start":{"line":398,"column":6},"end":{"line":398,"column":59}},"94":{"start":{"line":401,"column":4},"end":{"line":403,"column":5}},"95":{"start":{"line":402,"column":6},"end":{"line":402,"column":55}},"96":{"start":{"line":405,"column":19},"end":{"line":405,"column":45}},"97":{"start":{"line":406,"column":51},"end":{"line":412,"column":6}},"98":{"start":{"line":414,"column":19},"end":{"line":414,"column":68}},"99":{"start":{"line":415,"column":4},"end":{"line":417,"column":5}},"100":{"start":{"line":416,"column":6},"end":{"line":416,"column":55}},"101":{"start":{"line":419,"column":17},"end":{"line":419,"column":63}},"102":{"start":{"line":420,"column":4},"end":{"line":422,"column":5}},"103":{"start":{"line":421,"column":6},"end":{"line":421,"column":68}},"104":{"start":{"line":423,"column":4},"end":{"line":425,"column":5}},"105":{"start":{"line":423,"column":27},"end":{"line":423,"column":43}},"106":{"start":{"line":424,"column":6},"end":{"line":424,"column":82}},"107":{"start":{"line":427,"column":26},"end":{"line":431,"column":5}},"108":{"start":{"line":429,"column":8},"end":{"line":429,"column":41}},"109":{"start":{"line":432,"column":24},"end":{"line":434,"column":5}},"110":{"start":{"line":433,"column":15},"end":{"line":433,"column":76}},"111":{"start":{"line":435,"column":4},"end":{"line":437,"column":5}},"112":{"start":{"line":436,"column":6},"end":{"line":436,"column":79}},"113":{"start":{"line":439,"column":4},"end":{"line":441,"column":5}},"114":{"start":{"line":440,"column":6},"end":{"line":440,"column":74}},"115":{"start":{"line":443,"column":24},"end":{"line":449,"column":6}},"116":{"start":{"line":450,"column":4},"end":{"line":455,"column":5}},"117":{"start":{"line":451,"column":6},"end":{"line":454,"column":8}},"118":{"start":{"line":458,"column":6},"end":{"line":460,"column":14}},"119":{"start":{"line":462,"column":20},"end":{"line":478,"column":6}},"120":{"start":{"line":480,"column":4},"end":{"line":484,"column":7}},"121":{"start":{"line":486,"column":4},"end":{"line":488,"column":5}},"122":{"start":{"line":487,"column":6},"end":{"line":487,"column":21}},"123":{"start":{"line":490,"column":26},"end":{"line":496,"column":6}},"124":{"start":{"line":498,"column":4},"end":{"line":501,"column":6}},"125":{"start":{"line":503,"column":4},"end":{"line":506,"column":6}},"126":{"start":{"line":511,"column":31},"end":{"line":511,"column":54}}},"fnMap":{"0":{"name":"normalizePetIds","decl":{"start":{"line":34,"column":9},"end":{"line":34,"column":24}},"loc":{"start":{"line":34,"column":33},"end":{"line":49,"column":1}},"line":34},"1":{"name":"parsePetTypes","decl":{"start":{"line":51,"column":9},"end":{"line":51,"column":22}},"loc":{"start":{"line":51,"column":30},"end":{"line":62,"column":1}},"line":51},"2":{"name":"createBookingsService","decl":{"start":{"line":64,"column":16},"end":{"line":64,"column":37}},"loc":{"start":{"line":74,"column":8},"end":{"line":509,"column":1}},"line":74},"3":{"name":"getMyBookings","decl":{"start":{"line":76,"column":8},"end":{"line":76,"column":21}},"loc":{"start":{"line":76,"column":63},"end":{"line":84,"column":3}},"line":76},"4":{"name":"getMyBookingById","decl":{"start":{"line":86,"column":8},"end":{"line":86,"column":24}},"loc":{"start":{"line":86,"column":46},"end":{"line":97,"column":3}},"line":86},"5":{"name":"updateMyBookingStatus","decl":{"start":{"line":99,"column":8},"end":{"line":99,"column":29}},"loc":{"start":{"line":99,"column":63},"end":{"line":168,"column":3}},"line":99},"6":{"name":"getOwnerBookings","decl":{"start":{"line":172,"column":8},"end":{"line":172,"column":24}},"loc":{"start":{"line":172,"column":65},"end":{"line":180,"column":3}},"line":172},"7":{"name":"getOwnerBookingById","decl":{"start":{"line":184,"column":8},"end":{"line":184,"column":27}},"loc":{"start":{"line":184,"column":48},"end":{"line":195,"column":3}},"line":184},"8":{"name":"cancelOwnerBooking","decl":{"start":{"line":201,"column":8},"end":{"line":201,"column":26}},"loc":{"start":{"line":201,"column":47},"end":{"line":237,"column":3}},"line":201},"9":{"name":"rescheduleOwnerBooking","decl":{"start":{"line":244,"column":8},"end":{"line":244,"column":30}},"loc":{"start":{"line":244,"column":57},"end":{"line":315,"column":3}},"line":244},"10":{"name":"submitReview","decl":{"start":{"line":319,"column":8},"end":{"line":319,"column":20}},"loc":{"start":{"line":319,"column":55},"end":{"line":344,"column":3}},"line":319},"11":{"name":"submitReport","decl":{"start":{"line":347,"column":8},"end":{"line":347,"column":20}},"loc":{"start":{"line":347,"column":63},"end":{"line":363,"column":3}},"line":347},"12":{"name":"createBooking","decl":{"start":{"line":373,"column":8},"end":{"line":373,"column":21}},"loc":{"start":{"line":373,"column":35},"end":{"line":507,"column":3}},"line":373},"13":{"name":"(anonymous_13)","decl":{"start":{"line":423,"column":18},"end":{"line":423,"column":19}},"loc":{"start":{"line":423,"column":27},"end":{"line":423,"column":43}},"line":423},"14":{"name":"(anonymous_14)","decl":{"start":{"line":428,"column":42},"end":{"line":428,"column":43}},"loc":{"start":{"line":429,"column":8},"end":{"line":429,"column":41}},"line":429},"15":{"name":"(anonymous_15)","decl":{"start":{"line":433,"column":6},"end":{"line":433,"column":7}},"loc":{"start":{"line":433,"column":15},"end":{"line":433,"column":76}},"line":433}},"branchMap":{"0":{"loc":{"start":{"line":35,"column":2},"end":{"line":37,"column":3}},"type":"if","locations":[{"start":{"line":35,"column":2},"end":{"line":37,"column":3}},{"start":{},"end":{}}],"line":35},"1":{"loc":{"start":{"line":35,"column":6},"end":{"line":35,"column":51}},"ty
[...]
,"C:\\Users\\dim-d\\Documents\\Workspace\\final-project-1\\pet-sitter-app-server\\services\\stripeBookingPayment.mjs": {"path":"C:\\Users\\dim-d\\Documents\\Workspace\\final-project-1\\pet-sitter-app-server\\services\\stripeBookingPayment.mjs","statementMap":{"0":{"start":{"line":5,"column":20},"end":{"line":10,"column":1}},"1":{"start":{"line":6,"column":29},"end":{"line":6,"column":77}},"2":{"start":{"line":7,"column":28},"end":{"line":7,"column":75}},"3":{"start":{"line":9,"column":4},"end":{"line":9,"column":79}},"4":{"start":{"line":14,"column":2},"end":{"line":16,"column":3}},"5":{"start":{"line":15,"column":4},"end":{"line":15,"column":68}},"6":{"start":{"line":18,"column":17},"end":{"line":18,"column":49}},"7":{"start":{"line":19,"column":2},"end":{"line":21,"column":3}},"8":{"start":{"line":20,"column":4},"end":{"line":20,"column":62}},"9":{"start":{"line":23,"column":2},"end":{"line":27,"column":4}},"10":{"start":{"line":32,"column":2},"end":{"line":34,"column":3}},"11":{"start":{"line":33,"column":4},"end":{"line":33,"column":11}},"12":{"start":{"line":36,"column":2},"end":{"line":47,"column":3}},"13":{"start":{"line":37,"column":4},"end":{"line":37,"column":36}},"14":{"start":{"line":39,"column":17},"end":{"line":39,"column":48}},"15":{"start":{"line":40,"column":4},"end":{"line":45,"column":5}},"16":{"start":{"line":44,"column":6},"end":{"line":44,"column":13}},"17":{"start":{"line":46,"column":4},"end":{"line":46,"column":77}}},"fnMap":{"0":{"name":"(anonymous_0)","decl":{"start":{"line":6,"column":11},"end":{"line":6,"column":12}},"loc":{"start":{"line":6,"column":29},"end":{"line":6,"column":77}},"line":6},"1":{"name":"(anonymous_1)","decl":{"start":{"line":7,"column":10},"end":{"line":7,"column":11}},"loc":{"start":{"line":7,"column":28},"end":{"line":7,"column":75}},"line":7},"2":{"name":"(anonymous_2)","decl":{"start":{"line":8,"column":23},"end":{"line":8,"column":24}},"loc":{"start":{"line":9,"column":4},"end":{"line":9,"column":79}},"line":9},"3":{"name":"captureStripePaymentIntent","decl":{"start":{"line":13,"column":22},"end":{"line":13,"column":48}},"loc":{"start":{"line":13,"column":83},"end":{"line":28,"column":1}},"line":13},"4":{"name":"cancelStripePaymentIntent","decl":{"start":{"line":31,"column":22},"end":{"line":31,"column":47}},"loc":{"start":{"line":31,"column":82},"end":{"line":48,"column":1}},"line":31}},"branchMap":{"0":{"loc":{"start":{"line":13,"column":63},"end":{"line":13,"column":81}},"type":"default-arg","locations":[{"start":{"line":13,"column":70},"end":{"line":13,"column":81}}],"line":13},"1":{"loc":{"start":{"line":14,"column":2},"end":{"line":16,"column":3}},"type":"if","locations":[{"start":{"line":14,"column":2},"end":{"line":16,"column":3}},{"start":{},"end":{}}],"line":14},"2":{"loc":{"start":{"line":19,"column":2},"end":{"line":21,"column":3}},"type":"if","locations":[{"start":{"line":19,"column":2},"end":{"line":21,"column":3}},{"start":{},"end":{}}],"line":19},"3":{"loc":{"start":{"line":31,"column":62},"end":{"line":31,"column":80}},"type":"default-arg","locations":[{"start":{"line":31,"column":69},"end":{"line":31,"column":80}}],"line":31},"4":{"loc":{"start":{"line":32,"column":2},"end":{"line":34,"column":3}},"type":"if","locations":[{"start":{"line":32,"column":2},"end":{"line":34,"column":3}},{"start":{},"end":{}}],"line":32},"5":{"loc":{"start":{"line":39,"column":17},"end":{"line":39,"column":48}},"type":"binary-expr","locations":[{"start":{"line":39,"column":17},"end":{"line":39,"column":28}},{"start":{"line":39,"column":32},"end":{"line":39,"column":48}}],"line":39},"6":{"loc":{"start":{"line":40,"column":4},"end":{"line":45,"column":5}},"type":"if","locations":[{"start":{"line":40,"column":4},"end":{"line":45,"column":5}},{"start":{},"end":{}}],"line":40},"7":{"loc":{"start":{"line":41,"column":6},"end":{"line":42,"column":33}},"type":"binary-expr","locations":[{"start":{"line":41,"column":6},"end":{"line":41,"column":48}},{"start":{"line":42,"column":6},"end":{"line":42,"column":33}}],"line":41},"8":{"loc":{"start":{"line":46,"column":25},"end":{"line":46,"column":75}},"type":"binary-expr","locations":[{"start":{"line":46,"column":25},"end":{"line":46,"column":38}},{"start":{"line":46,"column":42},"end":{"line":46,"column":75}}],"line":46}},"s":{"0":1,"1":0,"2":0,"3":0,"4":0,"5":0,"6":0,"7":0,"8":0,"9":0,"10":0,"11":0,"12":0,"13":0,"14":0,"15":0,"16":0,"17":0},"f":{"0":0,"1":0,"2":0,"3":0,"4":0},"b":{"0":[0],"1":[0,0],"2":[0,0],"3":[0],"4":[0,0],"5":[0,0],"6":[0,0],"7":[0,0],"8":[0,0]},"meta":{"lastBranch":9,"lastFunction":5,"lastStatement":18,"seen":{"s:5:20:10:1":0,"f:6:11:6:12":0,"s:6:29:6:77":1,"f:7:10:7:11":1,"s:7:28:7:75":2,"f:8:23:8:24":2,"s:9:4:9:79":3,"f:13:22:13:48":3,"b:13:70:13:81":0,"b:14:2:16:3:undefined:undefined:undefined:undefined":1,"s:14:2:16:3":4,"s:15:4:15:68":5,"s:18:17:18:49":6,"b:19:2:21:3:undefined:undefined:undefined:undefined":2,"s:19:2:21:3":7,"s:20:4:20:62":8,"s:23:2:27:4":9,"f:31:22:31:47":4,"b:31:69:31:80":3,"b:32:2:34:3:undefined:undefined:undefined:undefined":4,"s:32:2:34:3":10,"s:33:4:33:11":11,"s:36:2:47:3":12,"s:37:4:37:36":13,"s:39:17:39:48":14,"b:39:17:39:28:39:32:39:48":5,"b:40:4:45:5:undefined:undefined:undefined:undefined":6,"s:40:4:45:5":15,"b:41:6:41:48:42:6:42:33":7,"s:44:6:44:13":16,"s:46:4:46:77":17,"b:46:25:46:38:46:42:46:75":8},"fnNames":{}}}
,"C:\\Users\\dim-d\\Documents\\Workspace\\final-project-1\\pet-sitter-app-server\\utils\\bookingPricing.mjs": {"path":"C:\\Users\\dim-d\\Documents\\Workspace\\final-project-1\\pet-sitter-app-server\\utils\\bookingPricing.mjs","statementMap":{"0":{"start":{"line":3,"column":16},"end":{"line":3,"column":60}},"1":{"start":{"line":4,"column":16},"end":{"line":4,"column":37}},"2":{"start":{"line":5,"column":19},"end":{"line":5,"column":38}},"3":{"start":{"line":8,"column":2},"end":{"line":10,"column":3}},"4":{"start":{"line":9,"column":4},"end":{"line":9,"column":48}},"5":{"start":{"line":12,"column":21},"end":{"line":12,"column":48}},"6":{"start":{"line":13,"column":2},"end":{"line":13,"column":38}},"7":{"start":{"line":18,"column":23},"end":{"line":18,"column":52}},"8":{"start":{"line":19,"column":21},"end":{"line":19,"column":48}},"9":{"start":{"line":21,"column":2},"end":{"line":23,"column":3}},"10":{"start":{"line":22,"column":4},"end":{"line":22,"column":60}},"11":{"start":{"line":25,"column":26},"end":{"line":25,"column":51}},"12":{"start":{"line":26,"column":2},"end":{"line":28,"column":3}},"13":{"start":{"line":27,"column":4},"end":{"line":27,"column":57}},"14":{"start":{"line":30,"column":2},"end":{"line":30,"column":30}},"15":{"start":{"line":35,"column":2},"end":{"line":37,"column":3}},"16":{"start":{"line":36,"column":4},"end":{"line":36,"column":48}},"17":{"start":{"line":39,"column":29},"end":{"line":39,"column":64}},"18":{"start":{"line":40,"column":2},"end":{"line":40,"column":40}},"19":{"start":{"line":48,"column":18},"end":{"line":48,"column":42}},"20":{"start":{"line":49,"column":16},"end":{"line":49,"column":38}},"21":{"start":{"line":50,"column":17},"end":{"line":50,"column":59}},"22":{"start":{"line":52,"column":2},"end":{"line":54,"column":3}},"23":{"start":{"line":53,"column":4},"end":{"line":53,"column":60}},"24":{"start":{"line":56,"column":2},"end":{"line":56,"column":16}},"25":{"start":{"line":61,"column":2},"end":{"line":63,"column":3}},"26":{"start":{"line":62,"column":4},"end":{"line":62,"column":45}},"27":{"start":{"line":64,"column":2},"end":{"line":66,"column":3}},"28":{"start":{"line":65,"column":4},"end":{"line":65,"column":57}},"29":{"start":{"line":68,"column":2},"end":{"line":68,"column":46}},"30":{"start":{"line":73,"column":2},"end":{"line":75,"column":3}},"31":{"start":{"line":74,"column":4},"end":{"line":74,"column":43}},"32":{"start":{"line":76,"column":2},"end":{"line":78,"column":3}},"33":{"start":{"line":77,"column":4},"end":{"line":77,"column":57}},"34":{"start":{"line":80,"column":2},"end":{"line":80,"column":48}}},"fnMap":{"0":{"name":"parseTimeToMinutes","decl":{"start":{"line":7,"column":9},"end":{"line":7,"column":27}},"loc":{"start":{"line":7,"column":35},"end":{"line":14,"column":1}},"line":7},"1":{"name":"resolveDurationHours","decl":{"start":{"line":17,"column":16},"end":{"line":17,"column":36}},"loc":{"start":{"line":17,"column":57},"end":{"line":31,"column":1}},"line":17},"2":{"name":"parseDateOnly","decl":{"start":{"line":34,"column":9},"end":{"line":34,"column":22}},"loc":{"start":{"line":34,"column":30},"end":{"line":41,"column":1}},"line":34},"3":{"name":"resolveNights","decl":{"start":{"line":47,"column":16},"end":{"line":47,"column":29}},"loc":{"start":{"line":47,"column":50},"end":{"line":57,"column":1}},"line":47},"4":{"name":"calculateBookingTotal","decl":{"start":{"line":60,"column":16},"end":{"line":60,"column":37}},"loc":{"start":{"line":60,"column":55},"end":{"line":69,"column":1}},"line":60},"5":{"name":"calculateNightlyTotal","decl":{"start":{"line":72,"column":16},"end":{"line":72,"column":37}},"loc":{"start":{"line":72,"column":56},"end":{"line":81,"column":1}},"line":72}},"branchMap":{"0":{"loc":{"start":{"line":8,"column":2},"end":{"line":10,"column":3}},"type":"if","locations":[{"start":{"line":8,"column":2},"end":{"line":10,"column":3}},{"start":{},"end":{}}],"line":8},"1":{"loc":{"start":{"line":8,"column":6},"end":{"line":8,"column":62}},"type":"binary-expr","locations":[{"start":{"line":8,"column":6},"end":{"line":8,"column":31}},{"start":{"line":8,"column":35},"end":{"line":8,"column":62}}],"line":8},"2":{"loc":{"start":{"line":21,"column":2},"end":{"line":23,"column":3}},"type":"if","locations":[{"start":{"line":21,"column":2},"end":{"line":23,"column":3}},{"start":{},"end":{}}],"line":21},"3":{"loc":{"start":{"line":26,"column":2},"end":{"line":28,"column":3}},"type":"if","locations":[{"start":{"line":26,"column":2},"end":{"line":28,"column":3}},{"start":{},"end":{}}],"line":26},"4":{"loc":{"start":{"line":35,"column":2},"end":{"line":37,"column":3}},"type":"if","locations":[{"start":{"line":35,"column":2},"end":{"line":37,"column":3}},{"start":{},"end":{}}],"line":35},"5":{"loc":{"start":{"line":35,"column":6},"end":{"line":35,"column":62}},"type":"binary-expr","locations":[{"start":{"line":35,"column":6},"end":{"line":35,"column":31}},{"start":{"line":35,"column":35},"end":{"line":35,"column":62}}],"line":35},"6":{"loc":{"start":{"line":52,"column":2},"end":{"line":54,"column":3}},"type":"if","locations":[{"start":{"line":52,"column":2},"end":{"line":54,"column":3}},{"start":{},"end":{}}],"line":52},"7":{"loc":{"start":{"line":61,"column":2},"end":{"line":63,"column":3}},"type":"if","locations":[{"start":{"line":61,"column":2},"end":{"line":63,"column":3}},{"start":{},"end":{}}],"line":61},"8":{"loc":{"start":{"line":61,"column":6},"end":{"line":61,"column":43}},"type":"binary-expr","locations":[{"start":{"line":61,"column":6},"end":{"line":61,"column":29}},{"start":{"line":61,"column":33},"end":{"line":61,"column":43}}],"line":61},"9":{"loc":{"start":{"line":64,"column":2},"end":{"line":66,"column":3}},"type":"if","locations":[{"start":{"line":64,"column":2},"end":{"line":66,"column":3}},{"start":{},"end":{}}],"line":64},"10":{"loc":{"start":{"line":64,"column":6},"end":{"line":64,"column":49}},"type":"binary-expr","locations":[{"start":{"line":64,"column":6},"end":{"line":64,"column":33}},{"start":{"line":64,"column":37},"end":{"line":64,"column":49}}],"line":64},"11":{"loc":{"start":{"line":73,"column":2},"end":{"line":75,"column":3}},"type":"if","locations":[{"start":{"line":73,"column":2},"end":{"line":75,"column":3}},{"start":{},"end":{}}],"line":73},"12":{"loc":{"start":{"line":73,"column":6},"end":{"line":73,"column":45}},"type":"binary-expr","locations":[{"start":{"line":73,"column":6},"end":{"line":73,"column":31}},{"start":{"line":73,"column":35},"end":{"line":73,"column":45}}],"line":73},"13":{"loc":{"start":{"line":76,"column":2},"end":{"line":78,"column":3}},"type":"if","locations":[{"start":{"line":76,"column":2},"end":{"line":78,"column":3}},{"start":{},"end":{}}],"line":76},"14":{"loc":{"start":{"line":76,"column":6},"end":{"line":76,"column":49}},"type":"binary-expr","locations":[{"start":{"line":76,"column":6},"end":{"line":76,"column":33}},{"start":{"line":76,"column":37},"end":{"line":76,"column":49}}],"line":76}},"s":{"0":1,"1":1,"2":1,"3":20,"4":0,"5":20,"6":20,"7":10,"8":10,"9":10,"10":0,"11":10,"12":10,"13":0,"14":10,"15":0,"16":0,"17":0,"18":0,"19":0,"20":0,"21":0,"22":0,"23":0,"24":0,"25":10,"26":0,"27":10,"28":0,"29":10,"30":0,"31":0,"32":0,"33":0,"34":0},"f":{"0":20,"1":10,"2":0,"3":0,"4":10,"5":0},"b":{"0":[0,20],"1":[20,20],"2":[0,10],"3":[0,10],"4":[0,0],"5":[0,0],"6":[0,0],"7":[0,10],"8":[10,10],"9":[0,10],"10":[10,10],"11":[0,0],"12":[0,0],"13":[0,0],"14":[0,0]},"meta":{"lastBranch":15,"lastFunction":6,"lastStatement":35,"seen":{"s:3:16:3:60":0,"s:4:16:4:37":1,"s:5:19:5:38":2,"f:7:9:7:27":0,"b:8:2:10:3:undefined:undefined:undefined:undefined":0,"s:8:2:10:3":3,"b:8:6:8:31:8:35:8:62":1,"s:9:4:9:48":4,"s:12:21:12:48":5,"s:13:2:13:38":6,"f:17:16:17:36":1,"s:18:23:18:52":7,"s:19:21:19:48":8,"b:21:2:23:3:undefined:undefined:undefined:undefined":2,"s:21:2:23:3":9,"s:22:4:22:60":10,"s:25:26:25:51":11,"b:26:2:28:3:undefined:undefined:undefined:undefined":3,"s:26:2:28:3":12,"s:27:4:27:57":13,"s:30:2:30:30":14,"f:34:9:34:22":2,"b:35:2:37:3:undefined:undefined:undefined:undefined":4,"s:35:2:37:3":15,"b:35:6:35:31:35:35:35:62":5,"s:36:4:36:48":16,"s:39:29:39:64":17,"s:40:2:40:40":18,"f:47:16:47:29":3,"s:48:18:48:42":19,"s:49:16:49:38":20,"s:50:17:50:59":21,"b:52:2:54:3:undefined:undefined:undefined:undefined":6,"s:52:2:54:3":22,"s:53:4:53:60":23,"s:56:2:56:16":24,"f:60:16:60:37":4,"b:61:2:63:3:undefined:undefined:undefined:undefined":7,"s:61:2:63:3":25,"b:61:6:61:29:61:33:61:43":8,"s:62:4:62:45":26,"b:64:2:66:3:undefined:undefined:undefined:undefined":9,"s:64:2:66:3":27,"b:64:6:64:33:64:37:64:49":10,"s:65:4:65:57":28,"s:68:2:68:46":29,"f:72:16:72:37":5,"b:73:2:75:3:undefined:undefined:undefined:undefined":11,"s:73:2:75:3":30,"b:73:6:73:31:73:35:73:45":12,"s:74:4:74:43":31,"b:76:2:78:3:undefined:undefined:undefined:undefined":13,"s:76:2:78:3":32,"b:76:6:76:33:76:37:76:49":14,"s:77:4:77:57":33,"s:80:2:80:48":34},"fnNames":{}}}
,"C:\\Users\\dim-d\\Documents\\Workspace\\final-project-1\\pet-sitter-app-server\\utils\\db.mjs": {"path":"C:\\Users\\dim-d\\Documents\\Workspace\\final-project-1\\pet-sitter-app-server\\utils\\db.mjs","statementMap":{"0":{"start":{"line":4,"column":17},"end":{"line":4,"column":27}},"1":{"start":{"line":7,"column":2},"end":{"line":7,"column":59}},"2":{"start":{"line":9,"column":19},"end":{"line":9,"column":69}},"3":{"start":{"line":11,"column":23},"end":{"line":14,"column":2}}},"fnMap":{},"branchMap":{"0":{"loc":{"start":{"line":7,"column":2},"end":{"line":7,"column":59}},"type":"binary-expr","locations":[{"start":{"line":7,"column":2},"end":{"line":7,"column":26}},{"start":{"line":7,"column":30},"end":{"line":7,"column":59}}],"line":7},"1":{"loc":{"start":{"line":9,"column":46},"end":{"line":9,"column":68}},"type":"binary-expr","locations":[{"start":{"line":9,"column":46},"end":{"line":9,"column":62}},{"start":{"line":9,"column":66},"end":{"line":9,"column":68}}],"line":9},"2":{"loc":{"start":{"line":13,"column":7},"end":{"line":13,"column":61}},"type":"cond-expr","locations":[{"start":{"line":13,"column":20},"end":{"line":13,"column":49}},{"start":{"line":13,"column":52},"end":{"line":13,"column":61}}],"line":13}},"s":{"0":1,"1":1,"2":1,"3":1},"f":{},"b":{"0":[1,0],"1":[1,0],"2":[1,0]},"meta":{"lastBranch":3,"lastFunction":0,"lastStatement":4,"seen":{"s:4:17:4:27":0,"s:7:2:7:59":1,"b:7:2:7:26:7:30:7:59":0,"s:9:19:9:69":2,"b:9:46:9:62:9:66:9:68":1,"s:11:23:14:2":3,"b:13:20:13:49:13:52:13:61":2},"fnNames":{}}}
,"C:\\Users\\dim-d\\Documents\\Workspace\\final-project-1\\pet-sitter-app-server\\utils\\httpError.mjs": {"path":"C:\\Users\\dim-d\\Documents\\Workspace\\final-project-1\\pet-sitter-app-server\\utils\\httpError.mjs","statementMap":{"0":{"start":{"line":3,"column":16},"end":{"line":3,"column":34}},"1":{"start":{"line":4,"column":2},"end":{"line":4,"column":32}},"2":{"start":{"line":5,"column":2},"end":{"line":5,"column":15}}},"fnMap":{"0":{"name":"httpError","decl":{"start":{"line":2,"column":16},"end":{"line":2,"column":25}},"loc":{"start":{"line":2,"column":47},"end":{"line":6,"column":1}},"line":2}},"branchMap":{},"s":{"0":20,"1":20,"2":20},"f":{"0":20},"b":{},"meta":{"lastBranch":0,"lastFunction":1,"lastStatement":3,"seen":{"f:2:16:2:25":0,"s:3:16:3:34":0,"s:4:2:4:32":1,"s:5:2:5:15":2},"fnNames":{}}}
,"C:\\Users\\dim-d\\Documents\\Workspace\\final-project-1\\pet-sitter-app-server\\utils\\stripeAmount.mjs": {"path":"C:\\Users\\dim-d\\Documents\\Workspace\\final-project-1\\pet-sitter-app-server\\utils\\stripeAmount.mjs","statementMap":{"0":{"start":{"line":5,"column":12},"end":{"line":5,"column":34}},"1":{"start":{"line":6,"column":2},"end":{"line":8,"column":3}},"2":{"start":{"line":7,"column":4},"end":{"line":7,"column":59}},"3":{"start":{"line":9,"column":2},"end":{"line":9,"column":29}}},"fnMap":{"0":{"name":"toStripeAmount","decl":{"start":{"line":4,"column":16},"end":{"line":4,"column":30}},"loc":{"start":{"line":4,"column":47},"end":{"line":10,"column":1}},"line":4}},"branchMap":{"0":{"loc":{"start":{"line":6,"column":2},"end":{"line":8,"column":3}},"type":"if","locations":[{"start":{"line":6,"column":2},"end":{"line":8,"column":3}},{"start":{},"end":{}}],"line":6},"1":{"loc":{"start":{"line":6,"column":6},"end":{"line":6,"column":35}},"type":"binary-expr","locations":[{"start":{"line":6,"column":6},"end":{"line":6,"column":25}},{"start":{"line":6,"column":29},"end":{"line":6,"column":35}}],"line":6}},"s":{"0":0,"1":0,"2":0,"3":0},"f":{"0":0},"b":{"0":[0,0],"1":[0,0]},"meta":{"lastBranch":2,"lastFunction":1,"lastStatement":4,"seen":{"f:4:16:4:30":0,"s:5:12:5:34":0,"b:6:2:8:3:undefined:undefined:undefined:undefined":0,"s:6:2:8:3":1,"b:6:6:6:25:6:29:6:35":1,"s:7:4:7:59":2,"s:9:2:9:29":3},"fnNames":{}}}
}
